27284 06:53:34 select(8, [3 5], [], NULL, NULL) = 1 (in [5])
27284 06:53:34 read(5, "d", 16384)      = 1
27284 06:53:34 select(8, [3 5], [3], NULL, NULL) = 1 (out [3])
27284 06:53:34 write(3, "\207\317\2579\332#\256\214\17D\207\204aQ\r\236\212\365\351\373=\215\321\221[W\324W>@\337x"..., 48) = 48
27284 06:53:34 select(8, [3 5], [], NULL, NULL) = 1 (in [3])
27284 06:53:34 read(3, "\177\304\364\32\227T\236L\26\357\343\365B\2274Y\266\325[\254\3\227\254\0\250\330\251\210NEzK"..., 8192) = 48
27284 06:53:34 select(8, [3 5], [6], NULL, NULL) = 1 (out [6])
27284 06:53:34 write(6, "d", 1)         = 1
27284 06:53:34 select(8, [3 5], [], NULL, NULL) = 1 (in [5])
27284 06:53:34 read(5, "i", 16384)      = 1
27284 06:53:34 select(8, [3 5], [3], NULL, NULL) = 1 (out [3])
27284 06:53:34 write(3, "h\303\207\224\26\227\37\355\1\33\356\306\353\355\202}\255\303\301'S)\227\232%_y\220\35\31k\374"..., 48) = 48
27284 06:53:34 select(8, [3 5], [], NULL, NULL) = 1 (in [3])
27284 06:53:34 read(3, "\24\310\5%\371\274wG\35\6\330\315\311\270\372\225\\H$\\\21\231G\303\27Y\243\220s\243n\243"..., 8192) = 48
27284 06:53:34 select(8, [3 5], [6], NULL, NULL) = 1 (out [6])
27284 06:53:34 write(6, "i", 1)         = 1
27284 06:53:34 select(8, [3 5], [], NULL, NULL) = 1 (in [5])
27284 06:53:34 read(5, "r", 16384)      = 1
27284 06:53:34 select(8, [3 5], [3], NULL, NULL) = 1 (out [3])
27284 06:53:34 write(3, "\334Gm\217U0\262#\30\214A\3655/7\353\332\2265\17\250B\224l` \337\223\10\2309\312"..., 48) = 48
27284 06:53:34 select(8, [3 5], [], NULL, NULL) = 1 (in [3])
27284 06:53:34 read(3, "\10\340\nSMn'/9\225G\257\203p<\357\5\363\271\276y<9e\316\220\236\f\257qig"..., 8192) = 48
27284 06:53:34 select(8, [3 5], [6], NULL, NULL) = 1 (out [6])
27284 06:53:34 write(6, "r", 1)         = 1
27284 06:53:34 select(8, [3 5], [], NULL, NULL) = 1 (in [5])
27284 06:53:34 read(5, "\r", 16384)     = 1
27284 06:53:34 select(8, [3 5], [3], NULL, NULL) = 1 (out [3])
27284 06:53:34 write(3, "^\261\276\207\376b4\230\241\276\3615LT\266Oa&\276\252\25\366T@\177c\337\10\317\223\331\246"..., 48) = 48
27284 06:53:34 select(8, [3 5], [], NULL, NULL) = 1 (in [3])
27284 06:53:34 read(3, "X]\37m\262\340\5\363\4\325\233f]\27\250\212\300$\3264\313\354\266\3\353\"\33\227\300d\323\265"..., 8192) = 48
27284 06:53:34 select(8, [3 5], [6], NULL, NULL) = 1 (out [6])
27284 06:53:34 write(6, "\r\n", 2)      = 2
27284 06:53:34 select(8, [3 5], [], NULL, NULL) = 1 (in [3])
27284 06:53:34 read(3, ",@U\253\347u+\33?\240\2\v\275\341=\242K\246\234\337\274\2102\"\322\2553i\332c\364\343"..., 8192) = 240
27284 06:53:34 select(8, [3 5], [6], NULL, NULL) = 1 (out [6])
27284 06:53:34 write(6, "anaconda-ks.cfg  core.2597  core"..., 204) = 204
27284 06:53:34 select(8, [3 5], [], NULL, NULL) = 1 (in [5])
27284 06:53:34 read(5, "c", 16384)      = 1
27284 06:53:34 select(8, [3 5], [3], NULL, NULL) = 1 (out [3])
27284 06:53:34 write(3, "\334\257\3026\245\231\34\317\266\261\322\22\272\354y\216\206\262?\314\364k\355\302\346\247\272J\2314\30n"..., 48) = 48
27284 06:53:34 select(8, [3 5], [], NULL, NULL) = 1 (in [3])
27284 06:53:34 read(3, "t|\265\370\2169|\373\376r\325\324\330\230c\26\347)\247\3241l\1]ap0\213\0\31\254\271"..., 8192) = 48
27284 06:53:34 select(8, [3 5], [6], NULL, NULL) = 1 (out [6])
27284 06:53:34 write(6, "c", 1)         = 1
27284 06:53:34 select(8, [3 5], [], NULL, NULL) = 1 (in [5])
27284 06:53:35 read(5, "d", 16384)      = 1
27284 06:53:35 select(8, [3 5], [3], NULL, NULL) = 1 (out [3])
27284 06:53:35 write(3, "\227C\337\374\371;\305\231A%DY\vO\37-)\7Q\210\203\240\257\35\301\235aBj\37\224\347"..., 48) = 48
27284 06:53:35 select(8, [3 5], [], NULL, NULL) = 1 (in [3])
27284 06:53:35 read(3, "s8\20%\230\5\252@\331\320\331K\235\274\265\36\232\277 p@\3331\366_\301\363\334%s-c"..., 8192) = 48
27284 06:53:35 select(8, [3 5], [6], NULL, NULL) = 1 (out [6])
27284 06:53:35 write(6, "d", 1)         = 1
27284 06:53:35 select(8, [3 5], [], NULL, NULL) = 1 (in [5])
27284 06:53:35 read(5, " ", 16384)      = 1
27284 06:53:35 select(8, [3 5], [3], NULL, NULL) = 1 (out [3])
27284 06:53:35 write(3, "\341P\200\325\244\201v\364\366\355\262\263\241AQ\346\206Q\16V\242`Q\344S1\322\315\274-? "..., 48) = 48
27284 06:53:35 select(8, [3 5], [], NULL, NULL) = 1 (in [3])
27284 06:53:35 read(3, "j=\254\300\302$Z\3335\317\265\254Cv\335\270\264\352)\n\r\207\2\363\31\207\347\352\327C\1\350"..., 8192) = 48
27284 06:53:35 select(8, [3 5], [6], NULL, NULL) = 1 (out [6])
27284 06:53:35 write(6, " ", 1)         = 1
27284 06:53:35 select(8, [3 5], [], NULL, NULL) = 1 (in [5])
27284 06:53:35 read(5, "/", 16384)      = 1
27284 06:53:35 select(8, [3 5], [3], NULL, NULL) = 1 (out [3])
27284 06:53:35 write(3, "\2k\3450&j\211\257B\362\302}Nw\33\217\204\330\345\210\315-\214\10ws\"\355k\345\261\317"..., 48) = 48
27284 06:53:35 select(8, [3 5], [], NULL, NULL) = 1 (in [3])
27284 06:53:35 read(3, "\377\252v\362\207\24\270\232=(>\327\221X\304\330\"\256\363\342\272\341rq~\26e\314\\\277\243\261"..., 8192) = 48
27284 06:53:35 select(8, [3 5], [6], NULL, NULL) = 1 (out [6])
27284 06:53:35 write(6, "/", 1)         = 1
27284 06:53:35 select(8, [3 5], [], NULL, NULL) = 1 (in [5])
27284 06:53:35 read(5, "u", 16384)      = 1
27284 06:53:35 select(8, [3 5], [3], NULL, NULL) = 1 (out [3])
27284 06:53:35 write(3, "\236V9\313+\0338\23G\322\345\304\"\336|\271\355$\300K\352\252)u\275\226\242\4L\376[ "..., 48) = 48
27284 06:53:35 select(8, [3 5], [], NULL, NULL) = 1 (in [3])
27284 06:53:35 read(3, ",\245(\0357\270\22y\360S\252\301\325D!\232\2545oD\254\327\224G*w\232#\347&$\357"..., 8192) = 48
27284 06:53:35 select(8, [3 5], [6], NULL, NULL) = 1 (out [6])
27284 06:53:35 write(6, "u", 1)         = 1
27284 06:53:35 select(8, [3 5], [], NULL, NULL) = 1 (in [5])
27284 06:53:35 read(5, "\t", 16384)     = 1
27284 06:53:35 select(8, [3 5], [3], NULL, NULL) = 1 (out [3])
27284 06:53:35 write(3, "\354\22\260&\202@48\220\3076\272\252(\224\33\214\241\221\302\334\222q\215\231\363\300\232\32Q\346\215"..., 48) = 48
27284 06:53:35 select(8, [3 5], [], NULL, NULL) = 1 (in [3])
27284 06:53:35 read(3, "\267\3\234S\f\245\241\376\31a\205\4\263\320\25\3148!\16Q\320\232\301*\365\177\320X\324\217\24h"..., 8192) = 48
27284 06:53:35 select(8, [3 5], [6], NULL, NULL) = 1 (out [6])
27284 06:53:35 write(6, "sr/", 3)       = 3
27284 06:53:35 select(8, [3 5], [], NULL, NULL) = 1 (in [5])
27284 06:53:35 read(5, "l", 16384)      = 1
27284 06:53:35 select(8, [3 5], [3], NULL, NULL) = 1 (out [3])
27284 06:53:35 write(3, "l\206\210\322\23\10R\264o\227\v\354\220\243)}L\236\373\202\300\\P\370[s\266\27\372:XJ"..., 48) = 48
27284 06:53:35 select(8, [3 5], [], NULL, NULL) = 1 (in [3])
27284 06:53:35 read(3, "nh\353L\4&[\340\252a[\335\353\37'\262\22\307\351y\212\261\3009\217\270\370\334\205\20\357\255"..., 8192) = 48
27284 06:53:35 select(8, [3 5], [6], NULL, NULL) = 1 (out [6])
27284 06:53:35 write(6, "l", 1)         = 1
27284 06:53:35 select(8, [3 5], [], NULL, NULL) = 1 (in [5])
27284 06:53:36 read(5, "o", 16384)      = 1
27284 06:53:36 select(8, [3 5], [3], NULL, NULL) = 1 (out [3])
27284 06:53:36 write(3, "\234\356 \357\26\3100\177\325n\f\216\325\1\26Ve\34\232\17;7\267\260\312\347\364\taK]\233"..., 48) = 48
27284 06:53:36 select(8, [3 5], [], NULL, NULL) = 1 (in [3])
27284 06:53:36 read(3, "\26\37S\203\24\353}\366\3109\2439\266\215\1Hs\257\364Z\n1\373\375\354s\367'\32\334\366\203"..., 8192) = 48
27284 06:53:36 select(8, [3 5], [6], NULL, NULL) = 1 (out [6])
27284 06:53:36 write(6, "o", 1)         = 1
27284 06:53:36 select(8, [3 5], [], NULL, NULL) = 1 (in [5])
27284 06:53:36 read(5, "c", 16384)      = 1
27284 06:53:36 select(8, [3 5], [3], NULL, NULL) = 1 (out [3])
27284 06:53:36 write(3, "\353\245\200\311<\347\3516\35\346\324\310!\240\23|\17\325^\211\21f'\226J\351<\262\316\17\2265"..., 48) = 48
27284 06:53:36 select(8, [3 5], [], NULL, NULL) = 1 (in [3])
27284 06:53:36 read(3, "\347j-\16\270.\371\r\365\377\216c\350\3354\340\277{\360\337\205P\200b/:\36}\334H\303\232"..., 8192) = 48
27284 06:53:36 select(8, [3 5], [6], NULL, NULL) = 1 (out [6])
27284 06:53:36 write(6, "c", 1)         = 1
27284 06:53:36 select(8, [3 5], [], NULL, NULL) = 1 (in [5])
27284 06:53:36 read(5, "\t", 16384)     = 1
27284 06:53:36 select(8, [3 5], [3], NULL, NULL) = 1 (out [3])
27284 06:53:36 write(3, "\320\340\22\21\360\376X\211\267g\236\222\25\241S\346l\317\4\21\236\314#Dqb\203\n\377\240\7?"..., 48) = 48
27284 06:53:36 select(8, [3 5], [], NULL, NULL) = 1 (in [3])
27284 06:53:36 read(3, "\203\252\327\266\375\205\360\0+59L\37689\351\303\5\226]\230\177\373\260\24\226\25q\273w\222\4"..., 8192) = 48
27284 06:53:36 select(8, [3 5], [6], NULL, NULL) = 1 (out [6])
27284 06:53:36 write(6, "al/", 3)       = 3
27284 06:53:36 select(8, [3 5], [], NULL, NULL) = 1 (in [5])
27284 06:53:36 read(5, "C", 16384)      = 1
27284 06:53:36 select(8, [3 5], [3], NULL, NULL) = 1 (out [3])
27284 06:53:36 write(3, "\nf\320w\3000\201\25J\260k4\361W<-;\374\260%\345\374\340:\2\204?\325-\214N*"..., 48) = 48
27284 06:53:36 select(8, [3 5], [], NULL, NULL) = 1 (in [3])
27284 06:53:36 read(3, ":4\254\350\237\3!jG\34I!\277S7X\0252\270\300\322[%\252A7\247$j\360\262\322"..., 8192) = 48
27284 06:53:36 select(8, [3 5], [6], NULL, NULL) = 1 (out [6])
27284 06:53:36 write(6, "C", 1)         = 1
27284 06:53:36 select(8, [3 5], [], NULL, NULL) = 1 (in [5])
27284 06:53:36 read(5, "\t", 16384)     = 1
27284 06:53:36 select(8, [3 5], [3], NULL, NULL) = 1 (out [3])
27284 06:53:36 write(3, "\n\37\345\234c[\325\246\273\350R\337\342\246\t\360\244]\373\250\246\375\363O{\27\375\203\363\365Kj"..., 48) = 48
27284 06:53:36 select(8, [3 5], [], NULL, NULL) = 1 (in [3])
27284 06:53:36 read(3, "aJ\326\1i\371bP\241a7\317\246H\315\320\4K6\250\3120F\211C\242\364\246\221\344=\264"..., 8192) = 48
27284 06:53:36 select(8, [3 5], [6], NULL, NULL) = 1 (out [6])
27284 06:53:36 write(6, "razyEye/", 8)  = 8
27284 06:53:36 select(8, [3 5], [], NULL, NULL) = 1 (in [5])
27284 06:53:37 read(5, "\r", 16384)     = 1
27284 06:53:37 select(8, [3 5], [3], NULL, NULL) = 1 (out [3])
27284 06:53:37 write(3, "\16b\300g\227|\230\255Y&s\316\22\306{S\216\316\272\365\321G\246\206\364\304\37q\332\355It"..., 48) = 48
27284 06:53:37 select(8, [3 5], [], NULL, NULL) = 1 (in [3])
27284 06:53:37 read(3, "\202v\220\337zc\0004\220\216\20L\260\255\311\270\306/^t\4kx\37Q\22)/t)0\322"..., 8192) = 112
27284 06:53:37 select(8, [3 5], [6], NULL, NULL) = 1 (out [6])
27284 06:53:37 write(6, "\r\n\33]0;root@test-mysql:/usr/local"..., 70) = 70
27284 06:53:37 select(8, [3 5], [], NULL, NULL) = 1 (in [5])
27284 06:53:37 read(5, "l", 16384)      = 1
27284 06:53:37 select(8, [3 5], [3], NULL, NULL) = 1 (out [3])
27284 06:53:37 write(3, "\356\371#\253I\37\325\37\243Q\246\237\257\333\27\374m|\v\335\3n#r3\33z6\271/oH"..., 48) = 48
27284 06:53:37 select(8, [3 5], [], NULL, NULL) = 1 (in [3])
27284 06:53:37 read(3, "\33\24g\361\211\347\351\17\354\316\7\27\367\351\230<k\224\375)\\\312\234\255.\307\306OY\2332\315"..., 8192) = 48
27284 06:53:37 select(8, [3 5], [6], NULL, NULL) = 1 (out [6])
27284 06:53:37 write(6, "l", 1)         = 1
27284 06:53:37 select(8, [3 5], [], NULL, NULL) = 1 (in [5])
27284 06:53:37 read(5, "l", 16384)      = 1
27284 06:53:37 select(8, [3 5], [3], NULL, NULL) = 1 (out [3])
27284 06:53:37 write(3, "1?s\347\333\263\216vd\353O\363Am\334\374#\177\265\f\211\357\346\222*\205iu\16&p\355"..., 48) = 48
27284 06:53:37 select(8, [3 5], [], NULL, NULL) = 1 (in [3])
27284 06:53:37 read(3, "\251\276{\247NY5\306\"cue\253\236]\221\252\303Mz\254\343\241]\262C=\255\231gg\303"..., 8192) = 48
27284 06:53:37 select(8, [3 5], [6], NULL, NULL) = 1 (out [6])
27284 06:53:37 write(6, "l", 1)         = 1
27284 06:53:37 select(8, [3 5], [], NULL, NULL) = 1 (in [5])
27284 06:53:37 read(5, "\r", 16384)     = 1
27284 06:53:37 select(8, [3 5], [3], NULL, NULL) = 1 (out [3])
27284 06:53:37 write(3, "#P\2\324X\n\t\25\327z}\2163a\0259P\361~\352KT\1z\210\247i\217\253\357\n7"..., 48) = 48
27284 06:53:37 select(8, [3 5], [], NULL, NULL) = 1 (in [3])
27284 06:53:37 read(3, "\204\204\372V\210\201{\2473\2752\231O\0109\20FI \375\217\21O\21\324\360\31\307\233K\326\251"..., 8192) = 48
27284 06:53:37 select(8, [3 5], [6], NULL, NULL) = 1 (out [6])
27284 06:53:37 write(6, "\r\n", 2)      = 2
27284 06:53:37 select(8, [3 5], [], NULL, NULL) = 1 (in [3])
27284 06:53:37 read(3, "\32\232\314\34-Y\21\267j%2x\306e\344{\315:\232;\f\223L\342\263\257\202F<\307\274_"..., 8192) = 720
27284 06:53:37 select(8, [3 5], [6], NULL, NULL) = 1 (out [6])
27284 06:53:37 write(6, "\346\200\273\347\224\250\351\207\217 108\r\ndrwxr-xr-x 3 root"..., 685) = 685
27284 06:53:37 select(8, [3 5], [], NULL, NULL) = 1 (in [5])
27284 06:53:38 read(5, "e", 16384)      = 1
27284 06:53:38 select(8, [3 5], [3], NULL, NULL) = 1 (out [3])
27284 06:53:38 write(3, "\1\326\332\21\367.\24\351:=\1\212\231|\361g\373\332\243*\\\232\347d\357W:'iZ\r\344"..., 48) = 48
27284 06:53:38 select(8, [3 5], [], NULL, NULL) = 1 (in [3])
27284 06:53:38 read(3, "Zr<\210\220\251\316\250\240H\21\335\363-\254\16\6\321\240\337]\2{\240}&\254\21>\34;\207"..., 8192) = 48
27284 06:53:38 select(8, [3 5], [6], NULL, NULL) = 1 (out [6])
27284 06:53:38 write(6, "e", 1)         = 1
27284 06:53:38 select(8, [3 5], [], NULL, NULL) = 1 (in [5])
27284 06:53:38 read(5, "x", 16384)      = 1
27284 06:53:38 select(8, [3 5], [3], NULL, NULL) = 1 (out [3])
27284 06:53:38 write(3, "\266=\307*\17*\ruv\351\305JA:\306\255#\217z\342\315\234I\316:\0\355LL\350\257\302"..., 48) = 48
27284 06:53:38 select(8, [3 5], [], NULL, NULL) = 1 (in [3])
27284 06:53:38 read(3, "\327^\306_4\212,\253nx>\334wr\217\202\232T\n\262\177\323~\315\226\3410\315\2\303\226\207"..., 8192) = 48
27284 06:53:38 select(8, [3 5], [6], NULL, NULL) = 1 (out [6])
27284 06:53:38 write(6, "x", 1)         = 1
27284 06:53:38 select(8, [3 5], [], NULL, NULL) = 1 (in [5])
27284 06:53:38 read(5, "i", 16384)      = 1
27284 06:53:38 select(8, [3 5], [3], NULL, NULL) = 1 (out [3])
27284 06:53:38 write(3, "\1Z\357\26\23\327b\331m\376R&6S\250p\346V\342\t\37\275\275\263\204\16\206\223\241&\243\366"..., 48) = 48
27284 06:53:38 select(8, [3 5], [], NULL, NULL) = 1 (in [3])
27284 06:53:38 read(3, "\212\"\371\320\20\265\274\233\301Rp\321\354y\227*\304\362\204j\314\324\334\267\213\32\323G\376\207\376H"..., 8192) = 48
27284 06:53:38 select(8, [3 5], [6], NULL, NULL) = 1 (out [6])
27284 06:53:38 write(6, "i", 1)         = 1
27284 06:53:38 select(8, [3 5], [], NULL, NULL) = 1 (in [5])
27284 06:53:38 read(5, "t", 16384)      = 1
27284 06:53:38 select(8, [3 5], [3], NULL, NULL) = 1 (out [3])
27284 06:53:38 write(3, "\363\250\213\375\27e`\335\"\375\257\252Z\335\2222\251\233\32\250\3343\371(\324'1\242v\22\311\230"..., 48) = 48
27284 06:53:38 select(8, [3 5], [], NULL, NULL) = 1 (in [3])
27284 06:53:38 read(3, "|\300\376\221\352_\300\324\355r\242\340\1\177\356fSH|\240f}@`\362\271*\34\26\205\3458"..., 8192) = 48
27284 06:53:38 select(8, [3 5], [6], NULL, NULL) = 1 (out [6])
27284 06:53:38 write(6, "t", 1)         = 1
27284 06:53:38 select(8, [3 5], [], NULL, NULL) = 1 (in [5])
27284 06:53:38 read(5, "\r", 16384)     = 1
27284 06:53:38 select(8, [3 5], [3], NULL, NULL) = 1 (out [3])
27284 06:53:38 write(3, "F\2664\261\224\372\260\357?\3675].Q\266\2354\312\206\327kR\216\334\206lX6]R\347\260"..., 48) = 48
27284 06:53:38 select(8, [3 5], [], NULL, NULL) = 1 (in [3])
27284 06:53:38 read(3, "\220\377T\361\211\6w/\343\3160\2210\230$\7\301\304\351N\266\vkj\350S\247|+\202\346\220"..., 8192) = 240
27284 06:53:38 close(5)                 = 0
27284 06:53:38 select(8, [3], [6], NULL, NULL) = 1 (out [6])
27284 06:53:38 write(6, "\r\nlogout\r\n", 10) = 10
27284 06:53:38 close(6)                 = 0
27284 06:53:38 ioctl(0, SNDCTL_TMR_STOP or TCSETSW, {B38400 opost isig icanon echo ...}) = 0
27284 06:53:38 close(7)                 = 0
27284 06:53:38 select(8, [3], [3], NULL, NULL) = 1 (out [3])
27284 06:53:38 write(3, "3\356yq\333\356m:g0Z\t\334\311\2754\205\376;;\375\337{\231\233\251\3\234\230:\276\260", 32) = 32
27284 06:53:38 rt_sigaction(SIGWINCH, NULL, {0x7f629bf98680, [], SA_RESTORER, 0x7f6299ae7510}, 8) = 0
27284 06:53:38 rt_sigaction(SIGWINCH, {SIG_DFL, [], SA_RESTORER, 0x7f6299ae7510}, NULL, 8) = 0
27284 06:53:38 write(3, "\331\315\276+\371\377C\f\344\262\365*q}X\371\265\1\331\221Q\267\245\305\372\233\342\237\256\314n\237"..., 64) = 64
27284 06:53:38 ioctl(0, SNDCTL_TMR_TIMEBASE or TCGETS, {B38400 opost isig icanon echo ...}) = 0
27284 06:53:38 ioctl(1, SNDCTL_TMR_TIMEBASE or TCGETS, {B38400 opost isig icanon echo ...}) = 0
27284 06:53:38 ioctl(2, SNDCTL_TMR_TIMEBASE or TCGETS, {B38400 opost isig icanon echo ...}) = 0
27284 06:53:38 write(2, "Connection to 10.0.2.57 closed.\r"..., 33) = 33
27284 06:53:38 shutdown(3, 2 /* send and receive */) = 0
27284 06:53:38 close(3)                 = 0
27284 06:53:38 exit_group(0)            = ?
