29196 15:36:15 select(8, [3 5], [], NULL, NULL) = 1 (in [5])
29196 15:36:17 read(5, "d", 16384)      = 1
29196 15:36:17 select(8, [3 5], [3], NULL, NULL) = 1 (out [3])
29196 15:36:17 write(3, "B\370\211\354\20\233\225\264\334\2\213\266\270\313J:]N\27\v\305\256\370\373p\t\321B\0\365i;"..., 48) = 48
29196 15:36:17 select(8, [3 5], [], NULL, NULL) = 1 (in [3])
29196 15:36:17 read(3, "\230\223ik\310d\225^q\310\301^\302C58\v\372\\`\264\357\225\366\325kk2t\235Q\7"..., 8192) = 48
29196 15:36:17 select(8, [3 5], [6], NULL, NULL) = 1 (out [6])
29196 15:36:17 write(6, "d", 1)         = 1
29196 15:36:17 select(8, [3 5], [], NULL, NULL) = 1 (in [5])
29196 15:36:17 read(5, "i", 16384)      = 1
29196 15:36:17 select(8, [3 5], [3], NULL, NULL) = 1 (out [3])
29196 15:36:17 write(3, "\0005=\323\360\255\242\237\244\200\205G\"d\301\317\232r\2007\226\223\t\230\217\362|\252[p\316\334"..., 48) = 48
29196 15:36:17 select(8, [3 5], [], NULL, NULL) = 1 (in [3])
29196 15:36:17 read(3, "\364G|\340U\7\270-\37\224@\340P\30\241\2\204\n\227\"\274\220\227A\31+\300\316VR\tt"..., 8192) = 48
29196 15:36:17 select(8, [3 5], [6], NULL, NULL) = 1 (out [6])
29196 15:36:17 write(6, "i", 1)         = 1
29196 15:36:17 select(8, [3 5], [], NULL, NULL) = 1 (in [5])
29196 15:36:17 read(5, "r", 16384)      = 1
29196 15:36:17 select(8, [3 5], [3], NULL, NULL) = 1 (out [3])
29196 15:36:17 write(3, "\322\336\244\26n\271\352\20#\322\370\30i!@\22\301P\262\251\273\230\215\22l\274\277V\374\330\31\6"..., 48) = 48
29196 15:36:17 select(8, [3 5], [], NULL, NULL) = 1 (in [3])
29196 15:36:17 read(3, "\4\177\204\36\327E\3379W}\270\1\26\253\314\304$\352Ck\200\16\367\355\323\220\222\373[\371a\274"..., 8192) = 48
29196 15:36:17 select(8, [3 5], [6], NULL, NULL) = 1 (out [6])
29196 15:36:17 write(6, "r", 1)         = 1
29196 15:36:17 select(8, [3 5], [], NULL, NULL) = 1 (in [5])
29196 15:36:17 read(5, "\r", 16384)     = 1
29196 15:36:17 select(8, [3 5], [3], NULL, NULL) = 1 (out [3])
29196 15:36:17 write(3, "\343:xDM\24\375\327\327P_^f\224s\310\204\213\211\2\265\16\304M\35YO\254\5&-\270"..., 48) = 48
29196 15:36:17 select(8, [3 5], [], NULL, NULL) = 1 (in [3])
29196 15:36:17 read(3, "$\232\313\205I\36\26^Unh\317\363\362\27\200\301\200\30\212\16\301Sy\305\4\364\260k\t\307\20"..., 8192) = 48
29196 15:36:17 select(8, [3 5], [6], NULL, NULL) = 1 (out [6])
29196 15:36:17 write(6, "\r\n", 2)      = 2
29196 15:36:17 select(8, [3 5], [], NULL, NULL) = 1 (in [3])
29196 15:36:17 read(3, "\335d\312VR\362\334\16\10)\250\215\243Y\212\27bc\353\341 \16@\25\22\16\221\323f\223\262\301"..., 8192) = 208
29196 15:36:17 select(8, [3 5], [6], NULL, NULL) = 1 (out [6])
29196 15:36:17 write(6, "anaconda-ks.cfg  core.2597  core"..., 161) = 161
29196 15:36:17 select(8, [3 5], [], NULL, NULL) = 1 (in [3])
29196 15:36:17 read(3, ")\200\352t-\0010\254\35\351J\366\234\331\325gm\254\327\25\261K\201\277w6YVO\235\263\300"..., 8192) = 80
29196 15:36:17 select(8, [3 5], [6], NULL, NULL) = 1 (out [6])
29196 15:36:17 write(6, "\33]0;root@test-mysql:~\7[root@test"..., 43) = 43
29196 15:36:17 select(8, [3 5], [], NULL, NULL) = 1 (in [5])
29196 15:36:18 read(5, "e", 16384)      = 1
29196 15:36:18 select(8, [3 5], [3], NULL, NULL) = 1 (out [3])
29196 15:36:18 write(3, "}\"5F(\252\333xi\311\342`\337c_y?\203\257\207\1{\3{\r\242qv[p4\213"..., 48) = 48
29196 15:36:18 select(8, [3 5], [], NULL, NULL) = 1 (in [3])
29196 15:36:18 read(3, "\333&\20*z&G[*kh\377\217\27_\2252\222\226\373\307\260-\6\27\353\t\375Z\362\256\302"..., 8192) = 48
29196 15:36:18 select(8, [3 5], [6], NULL, NULL) = 1 (out [6])
29196 15:36:18 write(6, "e", 1)         = 1
29196 15:36:18 select(8, [3 5], [], NULL, NULL) = 1 (in [5])
29196 15:36:18 read(5, "x", 16384)      = 1
29196 15:36:18 select(8, [3 5], [3], NULL, NULL) = 1 (out [3])
29196 15:36:18 write(3, "\323l\345eg\315\276\367\352\33\210Q\203H!\36\326\313\22\f\36?1\243\tQ1;V){\26"..., 48) = 48
29196 15:36:18 select(8, [3 5], [], NULL, NULL) = 1 (in [3])
29196 15:36:18 read(3, "\331=%\350\232\340v\355\262:wZ\303\10\2M\225\270\321\263\23G\0\321)&\21\371g\305\303\226"..., 8192) = 48
29196 15:36:18 select(8, [3 5], [6], NULL, NULL) = 1 (out [6])
29196 15:36:18 write(6, "x", 1)         = 1
29196 15:36:18 select(8, [3 5], [], NULL, NULL) = 1 (in [5])
29196 15:36:18 read(5, "i", 16384)      = 1
29196 15:36:18 select(8, [3 5], [3], NULL, NULL) = 1 (out [3])
29196 15:36:18 write(3, "\211\376H\7}s\354\244\250\34\10!\322\26T\24\267Iu\313\206\310\331\305\340\247H\33\354h\316\274"..., 48) = 48
29196 15:36:18 select(8, [3 5], [], NULL, NULL) = 1 (in [3])
29196 15:36:18 read(3, "\vRm\37G\342\2374\r\251\237\345\f\300\335\214\235\352\237\303#\337#y\345\220\327%\257\216\241\277"..., 8192) = 48
29196 15:36:18 select(8, [3 5], [6], NULL, NULL) = 1 (out [6])
29196 15:36:18 write(6, "i", 1)         = 1
29196 15:36:18 select(8, [3 5], [], NULL, NULL) = 1 (in [5])
29196 15:36:18 read(5, "t", 16384)      = 1
29196 15:36:18 select(8, [3 5], [3], NULL, NULL) = 1 (out [3])
29196 15:36:18 write(3, "\221\10b\336\327\5\361\313\306\365g\365\201I/V\234\r\34\314!!dd\32\352\343{\234\370\344M"..., 48) = 48
29196 15:36:18 select(8, [3 5], [], NULL, NULL) = 1 (in [3])
29196 15:36:18 read(3, "\314\352\204O\343\27x\244\33\341\205\250m\23\311\263|\214\2060\10Zq\20\200E\343\326<\1\371O"..., 8192) = 48
29196 15:36:18 select(8, [3 5], [6], NULL, NULL) = 1 (out [6])
29196 15:36:18 write(6, "t", 1)         = 1
29196 15:36:18 select(8, [3 5], [], NULL, NULL) = 1 (in [5])
29196 15:36:18 read(5, "\r", 16384)     = 1
29196 15:36:18 select(8, [3 5], [3], NULL, NULL) = 1 (out [3])
29196 15:36:18 write(3, "M\340sb\234\36!\27{e\324\311.\350HgP\214j\276\307\352XS\237K\35\v\253m\246\330"..., 48) = 48
29196 15:36:18 select(8, [3 5], [], NULL, NULL) = 1 (in [3])
29196 15:36:18 read(3, "v\277A\272\34\243\221\251\367\314Og9_]\366K\224\21\317\341.<!@>LA\20!\233*"..., 8192) = 240
29196 15:36:18 close(5)                 = 0
29196 15:36:18 select(8, [3], [6], NULL, NULL) = 1 (out [6])
29196 15:36:18 write(6, "\r\nlogout\r\n", 10) = 10
29196 15:36:18 close(6)                 = 0
29196 15:36:18 ioctl(0, SNDCTL_TMR_STOP or TCSETSW, {B38400 opost isig icanon echo ...}) = 0
29196 15:36:18 close(7)                 = 0
29196 15:36:18 select(8, [3], [3], NULL, NULL) = 1 (out [3])
29196 15:36:18 write(3, "G\314GO\200N\201;\302\374\346\317'\326\305\256\17\344\252\5\33:X\222\262(\220\5\304R!\315", 32) = 32
29196 15:36:18 rt_sigaction(SIGWINCH, NULL, {0x7f35b4e90680, [], SA_RESTORER, 0x7f35b29df510}, 8) = 0
29196 15:36:18 rt_sigaction(SIGWINCH, {SIG_DFL, [], SA_RESTORER, 0x7f35b29df510}, NULL, 8) = 0
29196 15:36:18 write(3, "xI\351\37\206\r{\371\222\255\0207\310\3639\214\276#\274j\352\242\273%8\364\337\337\230\272tx"..., 64) = 64
29196 15:36:18 ioctl(0, SNDCTL_TMR_TIMEBASE or TCGETS, {B38400 opost isig icanon echo ...}) = 0
29196 15:36:18 ioctl(1, SNDCTL_TMR_TIMEBASE or TCGETS, {B38400 opost isig icanon echo ...}) = 0
29196 15:36:18 ioctl(2, SNDCTL_TMR_TIMEBASE or TCGETS, {B38400 opost isig icanon echo ...}) = 0
29196 15:36:18 write(2, "Connection to 10.0.2.57 closed.\r"..., 33) = 33
29196 15:36:18 shutdown(3, 2 /* send and receive */) = 0
29196 15:36:18 close(3)                 = 0
29196 15:36:18 exit_group(0)            = ?
