27243 06:53:02 select(8, [3 5], [], NULL, NULL) = 1 (in [5])
27243 06:53:06 read(5, "l", 16384)      = 1
27243 06:53:06 select(8, [3 5], [3], NULL, NULL) = 1 (out [3])
27243 06:53:06 write(3, "(\334E6\226\251\303_\313\326\262j\373\253\335\262\237\205\234\16\361 \331\250\344:\355\276\367\313\327|"..., 48) = 48
27243 06:53:06 select(8, [3 5], [], NULL, NULL) = 1 (in [3])
27243 06:53:06 read(3, "\250\274~\v\261EFN\2\35\343!\344\v\33\335\264C\255p9#\226\212\204r\217\307\366\236\237:"..., 8192) = 48
27243 06:53:06 select(8, [3 5], [6], NULL, NULL) = 1 (out [6])
27243 06:53:06 write(6, "l", 1)         = 1
27243 06:53:06 select(8, [3 5], [], NULL, NULL) = 1 (in [5])
27243 06:53:06 read(5, "s", 16384)      = 1
27243 06:53:06 select(8, [3 5], [3], NULL, NULL) = 1 (out [3])
27243 06:53:06 write(3, "$\22>\327\256\337\351\370N4u\310\254\252\214s\254\365\2611\247\316>U.\n\203\366\36\322\215\224"..., 48) = 48
27243 06:53:06 select(8, [3 5], [], NULL, NULL) = 1 (in [3])
27243 06:53:06 read(3, ".sA\354\235\303\231\216H\263\246<\273\25\34\237\226\344\221\371O\216\0\223d\302\357^\30\1\300\240"..., 8192) = 48
27243 06:53:06 select(8, [3 5], [6], NULL, NULL) = 1 (out [6])
27243 06:53:06 write(6, "s", 1)         = 1
27243 06:53:06 select(8, [3 5], [], NULL, NULL) = 1 (in [5])
27243 06:53:06 read(5, "\r", 16384)     = 1
27243 06:53:06 select(8, [3 5], [3], NULL, NULL) = 1 (out [3])
27243 06:53:06 write(3, "\336\250B\21PR\335\260\25-\207\5\26\365\246\223\356\22\32\6\17\7c\21J0$<\325X1\276"..., 48) = 48
27243 06:53:06 select(8, [3 5], [], NULL, NULL) = 1 (in [3])
27243 06:53:06 read(3, "\307\300\350\356\35#G\10\267\367\205\312\347t\370\344g\16{\274\366sU\30\377\245\367\203\225mp]"..., 8192) = 48
27243 06:53:06 select(8, [3 5], [6], NULL, NULL) = 1 (out [6])
27243 06:53:06 write(6, "\r\n", 2)      = 2
27243 06:53:06 select(8, [3 5], [], NULL, NULL) = 1 (in [3])
27243 06:53:06 read(3, "N\35\215\317\\\203,\3\0315\203\242^\222\315\243uz\375>\276>\303P\301\30Z\207\257,:S"..., 8192) = 352
27243 06:53:06 select(8, [3 5], [6], NULL, NULL) = 1 (out [6])
27243 06:53:06 write(6, "\33[00m\33[00m11.txt\33[00m  \33[00m222."..., 270) = 270
27243 06:53:06 select(8, [3 5], [], NULL, NULL) = 1 (in [3])
27243 06:53:06 read(3, "\20\244\345O3\251\305\205\363\360\232xB\0c\240\232\343\17\331&\240\322{\3146Z\210;}\207I"..., 8192) = 64
27243 06:53:06 select(8, [3 5], [6], NULL, NULL) = 1 (out [6])
27243 06:53:06 write(6, "[root@ccapp1 ~]# ", 17) = 17
27243 06:53:06 select(8, [3 5], [], NULL, NULL) = 1 (in [5])
27243 06:53:06 read(5, "d", 16384)      = 1
27243 06:53:06 select(8, [3 5], [3], NULL, NULL) = 1 (out [3])
27243 06:53:06 write(3, "=\235\276\vp\250&\376j\322ac\31\10o\17\323?\306\313\326\353\252\216r\f\324\22\32\22\2312"..., 48) = 48
27243 06:53:06 select(8, [3 5], [], NULL, NULL) = 1 (in [3])
27243 06:53:06 read(3, "B\361\236h6N\v\246O\362[b\220Ej\37\2\32113\327^>\365\333\213jK\304\325p\370"..., 8192) = 48
27243 06:53:06 select(8, [3 5], [6], NULL, NULL) = 1 (out [6])
27243 06:53:06 write(6, "d", 1)         = 1
27243 06:53:06 select(8, [3 5], [], NULL, NULL) = 1 (in [5])
27243 06:53:06 read(5, "i", 16384)      = 1
27243 06:53:06 select(8, [3 5], [3], NULL, NULL) = 1 (out [3])
27243 06:53:06 write(3, "\f\314{Z\352\232\3\306\t\26\24\326O\351\253X\377b>\321n\0\315_\6\233\233yZ{\375:"..., 48) = 48
27243 06:53:06 select(8, [3 5], [], NULL, NULL) = 1 (in [3])
27243 06:53:07 read(3, "/(\31I9o$\212>\270\221r9H\26\243\326\36\236}~\241q\344\215\224\304\300\326!s-"..., 8192) = 48
27243 06:53:07 select(8, [3 5], [6], NULL, NULL) = 1 (out [6])
27243 06:53:07 write(6, "i", 1)         = 1
27243 06:53:07 select(8, [3 5], [], NULL, NULL) = 1 (in [5])
27243 06:53:07 read(5, "r", 16384)      = 1
27243 06:53:07 select(8, [3 5], [3], NULL, NULL) = 1 (out [3])
27243 06:53:07 write(3, "0l\\\327\277v\271M{!-N\6\247\216\221\365L\2569A\252\304*R\256\353\300\311\0>b"..., 48) = 48
27243 06:53:07 select(8, [3 5], [], NULL, NULL) = 1 (in [5])
27243 06:53:07 read(5, "\r", 16384)     = 1
27243 06:53:07 select(8, [3 5], [3], NULL, NULL) = 2 (in [3], out [3])
27243 06:53:07 read(3, "\344=\372\361\341n\204\215J\255g\362F\2404>\5L\233\237\372\2\20\364\200iJ\307\v\254tY"..., 8192) = 48
27243 06:53:07 write(3, "\273\257T:\2430TJ\21727W\220s\3\343\371\245<X:\2\216kw\221+\274z\210+\256"..., 48) = 48
27243 06:53:07 select(8, [3 5], [6], NULL, NULL) = 1 (out [6])
27243 06:53:07 write(6, "r", 1)         = 1
27243 06:53:07 select(8, [3 5], [], NULL, NULL) = 1 (in [3])
27243 06:53:07 read(3, "-\232\324\10\250\326\36\6\227j\177\220\252p\3251\25\2I\263\v\34,\361\267\21\35eUi\337s"..., 8192) = 48
27243 06:53:07 select(8, [3 5], [6], NULL, NULL) = 1 (out [6])
27243 06:53:07 write(6, "\r\n", 2)      = 2
27243 06:53:07 select(8, [3 5], [], NULL, NULL) = 1 (in [3])
27243 06:53:07 read(3, "\364\261\252(\17\32&kFc\314\225\316(\4)\345\273\206\33B\203\35\316\276\20?/,\222\331&"..., 8192) = 224
27243 06:53:07 select(8, [3 5], [6], NULL, NULL) = 1 (out [6])
27243 06:53:07 write(6, "11.txt\t222.txt  333.txt  anacond"..., 135) = 135
27243 06:53:07 select(8, [3 5], [], NULL, NULL) = 1 (in [3])
27243 06:53:07 read(3, "\311\327\7\242X\257g\250z^\220$\337UJL\261\32\331n\257\332\276\332fV\7\303\353\302\211a"..., 8192) = 64
27243 06:53:07 select(8, [3 5], [6], NULL, NULL) = 1 (out [6])
27243 06:53:07 write(6, "[root@ccapp1 ~]# ", 17) = 17
27243 06:53:07 select(8, [3 5], [], NULL, NULL) = 1 (in [5])
27243 06:53:07 read(5, "u", 16384)      = 1
27243 06:53:07 select(8, [3 5], [3], NULL, NULL) = 1 (out [3])
27243 06:53:07 write(3, "\201U\316\234\250\257\273\305\352\326\344\334>\262(:\273\324\36\35frOp\266}<b2]\2009"..., 48) = 48
27243 06:53:07 select(8, [3 5], [], NULL, NULL) = 1 (in [3])
27243 06:53:07 read(3, "a\36\302D&\3\242v\264\233~\227\254\365w\274\362;_\4\27\221\254\231\327\240H\16\323\360x\7"..., 8192) = 48
27243 06:53:07 select(8, [3 5], [6], NULL, NULL) = 1 (out [6])
27243 06:53:07 write(6, "u", 1)         = 1
27243 06:53:07 select(8, [3 5], [], NULL, NULL) = 1 (in [5])
27243 06:53:08 read(5, "p", 16384)      = 1
27243 06:53:08 select(8, [3 5], [3], NULL, NULL) = 1 (out [3])
27243 06:53:08 write(3, "Z\304N\354\355\253\353\364\361\222}\334\375Lm\267\273\235\221\232?;1\34\274&#\206\331\2011\340"..., 48) = 48
27243 06:53:08 select(8, [3 5], [], NULL, NULL) = 1 (in [3])
27243 06:53:08 read(3, "\0344w\26%@Zbo\236\232\266\302\33\177*W\272\253k\264z\247-%p\4G\316'\33\235"..., 8192) = 48
27243 06:53:08 select(8, [3 5], [6], NULL, NULL) = 1 (out [6])
27243 06:53:08 write(6, "p", 1)         = 1
27243 06:53:08 select(8, [3 5], [], NULL, NULL) = 1 (in [5])
27243 06:53:08 read(5, "t", 16384)      = 1
27243 06:53:08 select(8, [3 5], [3], NULL, NULL) = 1 (out [3])
27243 06:53:08 write(3, "\214@\342s\363\31lL\300\350\302\240\316\322\304~\270!X\233\250\241\373Lt\247;|\275\277\5\307"..., 48) = 48
27243 06:53:08 select(8, [3 5], [], NULL, NULL) = 1 (in [3])
27243 06:53:08 read(3, "\205\212\363\3344\20Y*\352\332\216\0334BqH\237iDc6\366\210\201\314\2\265\24\v\362n2"..., 8192) = 48
27243 06:53:08 select(8, [3 5], [6], NULL, NULL) = 1 (out [6])
27243 06:53:08 write(6, "t", 1)         = 1
27243 06:53:08 select(8, [3 5], [], NULL, NULL) = 1 (in [5])
27243 06:53:08 read(5, "i", 16384)      = 1
27243 06:53:08 select(8, [3 5], [3], NULL, NULL) = 1 (out [3])
27243 06:53:08 write(3, "B\272\227\3152\27\307\236a\306\347\277ca\321<\34\311_\354\366n8i\24\347\341Fb\365\351\305"..., 48) = 48
27243 06:53:08 select(8, [3 5], [], NULL, NULL) = 1 (in [3])
27243 06:53:08 read(3, "\255\215\301\216I\362\315\24x\355j\343}\22\3478\333\260`J\331%\233G\254u4\365\24R\365\202"..., 8192) = 48
27243 06:53:08 select(8, [3 5], [6], NULL, NULL) = 1 (out [6])
27243 06:53:08 write(6, "i", 1)         = 1
27243 06:53:08 select(8, [3 5], [], NULL, NULL) = 1 (in [5])
27243 06:53:08 read(5, "m", 16384)      = 1
27243 06:53:08 select(8, [3 5], [3], NULL, NULL) = 1 (out [3])
27243 06:53:08 write(3, "\300\246\330%\252\261\273\325\352\253\37}\342.Y\204l\272\222\211)J\357\311\213\332\r\34y9\256s"..., 48) = 48
27243 06:53:08 select(8, [3 5], [], NULL, NULL) = 1 (in [3])
27243 06:53:08 read(3, "j\3419\331\316\37/+'\323Q\211\252\307l\33\263\\\362bjj\200\334\330\206r\264\227\342?v"..., 8192) = 48
27243 06:53:08 select(8, [3 5], [6], NULL, NULL) = 1 (out [6])
27243 06:53:08 write(6, "m", 1)         = 1
27243 06:53:08 select(8, [3 5], [], NULL, NULL) = 1 (in [5])
27243 06:53:08 read(5, "e", 16384)      = 1
27243 06:53:08 select(8, [3 5], [3], NULL, NULL) = 1 (out [3])
27243 06:53:08 write(3, "*f\202\211\201\273\342\304\303\16h\21g\335\267\302\355p\274\34\n\270\303\361\233\213\351B\10\374\314\345"..., 48) = 48
27243 06:53:08 select(8, [3 5], [], NULL, NULL) = 1 (in [3])
27243 06:53:08 read(3, "P<\360Nf\230\30z\333Q\226\10\356]?F\237\271\331\356\260\217\17\214\370\366\214`\2y\20\261"..., 8192) = 48
27243 06:53:08 select(8, [3 5], [6], NULL, NULL) = 1 (out [6])
27243 06:53:08 write(6, "e", 1)         = 1
27243 06:53:08 select(8, [3 5], [], NULL, NULL) = 1 (in [5])
27243 06:53:08 read(5, "\r", 16384)     = 1
27243 06:53:08 select(8, [3 5], [3], NULL, NULL) = 1 (out [3])
27243 06:53:08 write(3, "x\354m\f\235\3604\225H\0`\234\267\220\334A\340d\320\214\np\7-o]i\322\343\237\231\333"..., 48) = 48
27243 06:53:08 select(8, [3 5], [], NULL, NULL) = 1 (in [3])
27243 06:53:08 read(3, "\236\26>\204\306\25V\262\313\364\2542\201\1\341\362{[7\230Q\322,\3e%\215S#h\363\35"..., 8192) = 48
27243 06:53:08 select(8, [3 5], [6], NULL, NULL) = 1 (out [6])
27243 06:53:08 write(6, "\r\n", 2)      = 2
27243 06:53:08 select(8, [3 5], [], NULL, NULL) = 1 (in [3])
27243 06:53:08 read(3, "Rx\3169\225Z\343p\233\\\344\372ie\307\37\335\32\314\17\305\222\31\310\316S\276\325\251\2449\r"..., 8192) = 240
27243 06:53:08 select(8, [3 5], [6], NULL, NULL) = 1 (out [6])
27243 06:53:08 write(6, " 14:53:27 up 674 days, 12:23,  5"..., 108) = 108
27243 06:53:08 select(8, [3 5], [], NULL, NULL) = 1 (in [5])
27243 06:53:19 read(5, "d", 16384)      = 1
27243 06:53:19 select(8, [3 5], [3], NULL, NULL) = 1 (out [3])
27243 06:53:19 write(3, "\254\33\237+Z }\251\36\320Z\201\256\v\241\22\355=\321\232A\225\302q\33\355Sn\322\325EG"..., 48) = 48
27243 06:53:19 select(8, [3 5], [], NULL, NULL) = 1 (in [3])
27243 06:53:19 read(3, "\344\26\277\324~mnt7'\351\264\312%Rc\357W\266\3443H-wX\261\260\362\364\n\202\362"..., 8192) = 48
27243 06:53:19 select(8, [3 5], [6], NULL, NULL) = 1 (out [6])
27243 06:53:19 write(6, "d", 1)         = 1
27243 06:53:19 select(8, [3 5], [], NULL, NULL) = 1 (in [5])
27243 06:53:19 read(5, "\10", 16384)    = 1
27243 06:53:19 select(8, [3 5], [3], NULL, NULL) = 1 (out [3])
27243 06:53:19 write(3, "\371\225\\4\3169C\5\213k\31Y%\6\362\232\272\204@\20\252\34\212\255\244\371N\316c\315|\353"..., 48) = 48
27243 06:53:19 select(8, [3 5], [], NULL, NULL) = 1 (in [3])
27243 06:53:19 read(3, "\2340\243\36\316\241\23q?\f\215\261U:W\347Q_\36\363\316f\366\367\351\3539\16e\202\314."..., 8192) = 48
27243 06:53:19 select(8, [3 5], [6], NULL, NULL) = 1 (out [6])
27243 06:53:19 write(6, "\10\33[K", 4)  = 4
27243 06:53:19 select(8, [3 5], [], NULL, NULL) = 1 (in [5])
27243 06:53:25 read(5, "t", 16384)      = 1
27243 06:53:25 select(8, [3 5], [3], NULL, NULL) = 1 (out [3])
27243 06:53:25 write(3, "\253\31\262\276\254_(k<\343\330\271\2413\360\375?\233\223Y\"e\10\267mf=)\20\265i\206"..., 48) = 48
27243 06:53:25 select(8, [3 5], [], NULL, NULL) = 1 (in [3])
27243 06:53:25 read(3, "\301\32\230\202\200\2108\201\202\227\300\370\272!4-\21Y\264\36z\370Py\220\245\264-*\302\305\274"..., 8192) = 48
27243 06:53:25 select(8, [3 5], [6], NULL, NULL) = 1 (out [6])
27243 06:53:25 write(6, "t", 1)         = 1
27243 06:53:25 select(8, [3 5], [], NULL, NULL) = 1 (in [5])
27243 06:53:25 read(5, "o", 16384)      = 1
27243 06:53:25 select(8, [3 5], [3], NULL, NULL) = 1 (out [3])
27243 06:53:25 write(3, "\3\223\5?\314\374\320a\372\201\207\356Rc\317F\376\326 \303t\375\217',\17PZ\322\214\320\32"..., 48) = 48
27243 06:53:25 select(8, [3 5], [], NULL, NULL) = 1 (in [3])
27243 06:53:25 read(3, "\217h\272\331\363\24\312o\30$**/\231L\24/$\24l\206\231v\10!]\363\226\315 \315}"..., 8192) = 48
27243 06:53:25 select(8, [3 5], [6], NULL, NULL) = 1 (out [6])
27243 06:53:25 write(6, "o", 1)         = 1
27243 06:53:25 select(8, [3 5], [], NULL, NULL) = 1 (in [5])
27243 06:53:25 read(5, "p", 16384)      = 1
27243 06:53:25 select(8, [3 5], [3], NULL, NULL) = 1 (out [3])
27243 06:53:25 write(3, "\200D\36\24#\2217\32\37\200\243{\357\2761\321{bL\366\326>,\37\365\306hLi%\246U"..., 48) = 48
27243 06:53:25 select(8, [3 5], [], NULL, NULL) = 1 (in [3])
27243 06:53:25 read(3, "\200y\205-\342\17\370%\330z\366\261\37\360\266\317\376\215\367\276\0@\233\4\177M|\217\27I(\263"..., 8192) = 48
27243 06:53:25 select(8, [3 5], [6], NULL, NULL) = 1 (out [6])
27243 06:53:25 write(6, "p", 1)         = 1
27243 06:53:25 select(8, [3 5], [], NULL, NULL) = 1 (in [5])
27243 06:53:26 read(5, "\r", 16384)     = 1
27243 06:53:26 select(8, [3 5], [3], NULL, NULL) = 1 (out [3])
27243 06:53:26 write(3, "\0077=\375&\3213\314\222V\353\372\201\304\376\315\345\227\202\177a\364N\265\262\37\373\v\360qV\246"..., 48) = 48
27243 06:53:26 select(8, [3 5], [], NULL, NULL) = 1 (in [3])
27243 06:53:26 read(3, "\31Ab\3128d\240\227\365\334g\r\275\f\345\306\315Bf\2419\337K>5\250h\25\3#N&"..., 8192) = 48
27243 06:53:26 select(8, [3 5], [6], NULL, NULL) = 1 (out [6])
27243 06:53:26 write(6, "\r\n", 2)      = 2
27243 06:53:26 select(8, [3 5], [], NULL, NULL) = 1 (in [3])
27243 06:53:26 read(3, "\177\246.\242\35\231k!\263\342W\5\36\261q\2668\214\360\221\222\311>\222\240z\271\351\235\226\220\23"..., 8192) = 3556
27243 06:53:26 select(8, [3 5], [6], NULL, NULL) = 1 (out [6])
27243 06:53:26 write(6, "\33[H\33[2J\33(B\33[mtop - 14:53:45 up 6"..., 2059) = 2059
27243 06:53:26 select(8, [3 5], [], NULL, NULL) = 1 (in [3])
27243 06:53:26 read(3, "\242N\2035\202\270\302\251(*l\231\332m\r\17u\351B\375\271\211EL}|e\204\300H\200\330"..., 8192) = 1708
27243 06:53:26 select(8, [3 5], [6], NULL, NULL) = 1 (out [6])
27243 06:53:26 write(6, "B\33[m    4 root      RT  -5     0"..., 3083) = 3083
27243 06:53:26 select(8, [3 5], [], NULL, NULL) = 1 (in [5])
27243 06:53:26 read(5, "q", 16384)      = 1
27243 06:53:26 select(8, [3 5], [3], NULL, NULL) = 1 (out [3])
27243 06:53:26 write(3, "\305\27\323\321\305\3515\231\357\\2\353\263\3.\355m\215\237\262)\273\v6\f\246$tQ\260\266\303"..., 48) = 48
27243 06:53:26 select(8, [3 5], [], NULL, NULL) = 1 (in [3])
27243 06:53:26 read(3, "\242$\222\317\326\256\5fo\34]\273Y\312\363\3761\321O\207\21\32\234\235\310^\3050W\321\177\237"..., 8192) = 64
27243 06:53:26 select(8, [3 5], [6], NULL, NULL) = 2 (in [3], out [6])
27243 06:53:26 write(6, "\33[30;1H\33[?12l\33[?25h\r\n", 21) = 21
27243 06:53:26 read(3, "&\32\364}\325\224\r\177\302>\36\372B\271\205\343\213L\7\360.\344\\\n\315N\376\3\336\377\264\337"..., 8192) = 128
27243 06:53:26 select(8, [3 5], [6], NULL, NULL) = 1 (out [6])
27243 06:53:26 write(6, "\33]0;root@ccapp1:~\7[root@ccapp1 ~"..., 35) = 35
27243 06:53:26 select(8, [3 5], [], NULL, NULL) = 1 (in [5])
27243 06:53:27 read(5, "e", 16384)      = 1
27243 06:53:27 select(8, [3 5], [3], NULL, NULL) = 1 (out [3])
27243 06:53:27 write(3, ">\2646=\177\376\33\245\353\204\2+p\\,6\35|\274\177\362<!\340#t\24E|\224\25\210"..., 48) = 48
27243 06:53:27 select(8, [3 5], [], NULL, NULL) = 1 (in [3])
27243 06:53:27 read(3, "\33\266\240\311\5\241=\4\231\270(]\260\2\247\352\4\\\4\26\3549\276\253\3239\265C\0165\"b"..., 8192) = 48
27243 06:53:27 select(8, [3 5], [6], NULL, NULL) = 1 (out [6])
27243 06:53:27 write(6, "e", 1)         = 1
27243 06:53:27 select(8, [3 5], [], NULL, NULL) = 1 (in [5])
27243 06:53:27 read(5, "x", 16384)      = 1
27243 06:53:27 select(8, [3 5], [3], NULL, NULL) = 1 (out [3])
27243 06:53:27 write(3, "iaKh\356\233b\260 1\330\255p\356\335vI_\377\357tA\271Z\376@s\237Eq\212D"..., 48) = 48
27243 06:53:27 select(8, [3 5], [], NULL, NULL) = 1 (in [3])
27243 06:53:27 read(3, "\303\n}\314\371\1\31\34\254\212a\3773K\221\320\275[\211\23p=\322\254\245\233\31\303E7\343\256"..., 8192) = 48
27243 06:53:27 select(8, [3 5], [6], NULL, NULL) = 1 (out [6])
27243 06:53:27 write(6, "x", 1)         = 1
27243 06:53:27 select(8, [3 5], [], NULL, NULL) = 1 (in [5])
27243 06:53:27 read(5, "i", 16384)      = 1
27243 06:53:27 select(8, [3 5], [3], NULL, NULL) = 1 (out [3])
27243 06:53:27 write(3, "X\224\1\247\344\350\26TpY\327o\34A\22\345\177\323\2j\363V\301\306z\210EI\31\226\357\274"..., 48) = 48
27243 06:53:27 select(8, [3 5], [], NULL, NULL) = 1 (in [3])
27243 06:53:27 read(3, "\326/Z<Y\26\35\316\240\363\235\252#;\7F\2\273Y,&\232\0\204\274\21\351\242\20k\316\270"..., 8192) = 48
27243 06:53:27 select(8, [3 5], [6], NULL, NULL) = 1 (out [6])
27243 06:53:27 write(6, "i", 1)         = 1
27243 06:53:27 select(8, [3 5], [], NULL, NULL) = 1 (in [5])
27243 06:53:27 read(5, "t", 16384)      = 1
27243 06:53:27 select(8, [3 5], [3], NULL, NULL) = 1 (out [3])
27243 06:53:27 write(3, "\263\224\234\332J\215\301\0022\3640\332Z\221\v^\374\310\276\273\201;\241\340(\250G\v\265a\273\7"..., 48) = 48
27243 06:53:27 select(8, [3 5], [], NULL, NULL) = 1 (in [3])
27243 06:53:27 read(3, "\16hG_\362IJ\271\33\303 \252\220,U\340\363R\244\215j\230\302T\254\1<\375\247(\343\341"..., 8192) = 48
27243 06:53:27 select(8, [3 5], [6], NULL, NULL) = 1 (out [6])
27243 06:53:27 write(6, "t", 1)         = 1
27243 06:53:27 select(8, [3 5], [], NULL, NULL) = 1 (in [5])
27243 06:53:28 read(5, "\r", 16384)     = 1
27243 06:53:28 select(8, [3 5], [3], NULL, NULL) = 1 (out [3])
27243 06:53:28 write(3, "\10V\312\213\236\333vs\372\251\10\211\214\220\362F\353\244\267M\205]T%s\32\323\325\3225\326\207"..., 48) = 48
27243 06:53:28 select(8, [3 5], [], NULL, NULL) = 1 (in [3])
27243 06:53:28 read(3, "RB\250\261I\354\352\254\24\3\v\232\240\326\216\0272\372\10D%\263\36\303$\f\342\310>Q\240h"..., 8192) = 96
27243 06:53:28 select(8, [3 5], [6], NULL, NULL) = 1 (out [6])
27243 06:53:28 write(6, "\r\nlogout\r\n", 10) = 10
27243 06:53:28 select(8, [3 5], [], NULL, NULL) = 1 (in [3])
27243 06:53:28 read(3, "+O^$T\202\3362\35\335u\262+\233\324|\276\262X&\325\367\263\354\242\33$z\375\321\334\347"..., 8192) = 48
27243 06:53:28 select(8, [3 5], [6], NULL, NULL) = 2 (in [3], out [6])
27243 06:53:28 write(6, "\33[H\33[2J", 7) = 7
27243 06:53:28 read(3, "B,/\273p\356\240\30\224\217\322\7\303ce\223\304\331\356\312\235G\270\3632\302\310q*\f\341\264"..., 8192) = 128
27243 06:53:28 close(6)                 = 0
27243 06:53:28 close(5)                 = 0
27243 06:53:28 ioctl(0, SNDCTL_TMR_STOP or TCSETSW, {B38400 opost isig icanon echo ...}) = 0
27243 06:53:28 close(7)                 = 0
27243 06:53:28 select(8, [3], [3], NULL, NULL) = 1 (out [3])
27243 06:53:28 write(3, "\266\311\361B\255\330?3\212Sic\200\250\307\220g\207\261\t\rm\321\23\362\363\257\307\31\216\335\314", 32) = 32
27243 06:53:28 rt_sigaction(SIGWINCH, NULL, {0x7f1e2af58680, [], SA_RESTORER, 0x7f1e28aa7510}, 8) = 0
27243 06:53:28 rt_sigaction(SIGWINCH, {SIG_DFL, [], SA_RESTORER, 0x7f1e28aa7510}, NULL, 8) = 0
27243 06:53:28 write(3, "K%tk\\a\261\0k\246\251lI\347y\7U\267\375 \243\365\217t\201\223\330\235\26\314~\375"..., 64) = 64
27243 06:53:28 ioctl(0, SNDCTL_TMR_TIMEBASE or TCGETS, {B38400 opost isig icanon echo ...}) = 0
27243 06:53:28 ioctl(1, SNDCTL_TMR_TIMEBASE or TCGETS, {B38400 opost isig icanon echo ...}) = 0
27243 06:53:28 ioctl(2, SNDCTL_TMR_TIMEBASE or TCGETS, {B38400 opost isig icanon echo ...}) = 0
27243 06:53:28 write(2, "Connection to 10.0.1.237 closed."..., 34) = 34
27243 06:53:28 shutdown(3, 2 /* send and receive */) = 0
27243 06:53:28 close(3)                 = 0
27243 06:53:28 exit_group(0)            = ?
