18745 10:38:13 select(4, [3], NULL, NULL, NULL) = 1 (in [3])
18745 10:38:13 read(3, "\17\254\257T\2121\233\2\216\10#`/\220\300\357\372\37\2527Q\210\305\370o\273,3\344\271s\257"..., 8192) = 48
18745 10:38:13 write(3, "\371\320Y\207\222^\356\7\212&KYmW\25\215\201\332\250*t\341\323\31f\263\35\376\255\30\343\351"..., 64) = 64
18745 10:38:13 select(4, [3], NULL, NULL, NULL) = 1 (in [3])
18745 10:38:13 read(3, "R\336\321\226\366]\3027\244\212\366\270x\237s\220\215Sb\373\355\275\235\233\257\315\307\346\236=;\32"..., 8192) = 64
18745 10:38:13 stat("/root/.ssh/identity", 0x7fffae7a2110) = -1 ENOENT (No such file or directory)
18745 10:38:13 write(3, "s\272\374)\242\v9%W\24D=\22\362QnMK`\236\233\311\206\256\207\35\301\273\3758^\264"..., 368) = 368
18745 10:38:13 select(4, [3], NULL, NULL, NULL) = 1 (in [3])
18745 10:38:13 read(3, "M\360\301\306O\327\\\335\272\37\tPqb\276owo\30\352\326:c\275\370\370\352\324@\32I&"..., 8192) = 64
18745 10:38:13 stat("/root/.ssh/id_dsa", 0x7fffae7a2110) = -1 ENOENT (No such file or directory)
18745 10:38:13 open("/dev/tty", O_RDWR) = 5
18745 10:38:13 close(5)                 = 0
18745 10:38:13 open("/dev/tty", O_RDWR) = 5
18745 10:38:13 rt_sigaction(SIGALRM, {0x7f74ba139fc0, [], SA_RESTORER, 0x7f74b7c55510}, {SIG_DFL, [], 0}, 8) = 0
18745 10:38:13 rt_sigaction(SIGHUP, {0x7f74ba139fc0, [], SA_RESTORER, 0x7f74b7c55510}, {SIG_DFL, [], 0}, 8) = 0
18745 10:38:13 rt_sigaction(SIGINT, {0x7f74ba139fc0, [], SA_RESTORER, 0x7f74b7c55510}, {SIG_DFL, [], 0}, 8) = 0
18745 10:38:13 rt_sigaction(SIGPIPE, {0x7f74ba139fc0, [], SA_RESTORER, 0x7f74b7c55510}, {SIG_IGN, [], SA_RESTORER, 0x7f74b7c55510}, 8) = 0
18745 10:38:13 rt_sigaction(SIGQUIT, {0x7f74ba139fc0, [], SA_RESTORER, 0x7f74b7c55510}, {SIG_DFL, [], 0}, 8) = 0
18745 10:38:13 rt_sigaction(SIGTERM, {0x7f74ba139fc0, [], SA_RESTORER, 0x7f74b7c55510}, {SIG_DFL, [], 0}, 8) = 0
18745 10:38:13 rt_sigaction(SIGTSTP, {0x7f74ba139fc0, [], SA_RESTORER, 0x7f74b7c55510}, {SIG_DFL, [], 0}, 8) = 0
18745 10:38:13 rt_sigaction(SIGTTIN, {0x7f74ba139fc0, [], SA_RESTORER, 0x7f74b7c55510}, {SIG_DFL, [], 0}, 8) = 0
18745 10:38:13 rt_sigaction(SIGTTOU, {0x7f74ba139fc0, [], SA_RESTORER, 0x7f74b7c55510}, {SIG_DFL, [], 0}, 8) = 0
18745 10:38:13 ioctl(5, SNDCTL_TMR_TIMEBASE or TCGETS, {B38400 opost isig icanon echo ...}) = 0
18745 10:38:13 ioctl(5, SNDCTL_TMR_CONTINUE or TCSETSF, {B38400 opost isig icanon -echo ...}) = 0
18745 10:38:13 write(5, "root@10.0.2.57's password: ", 27) = 27
18745 10:38:13 read(5, "t", 1)          = 1
18745 10:38:13 read(5, "e", 1)          = 1
18745 10:38:13 read(5, "s", 1)          = 1
18745 10:38:13 read(5, "t", 1)          = 1
18745 10:38:13 read(5, "8", 1)          = 1
18745 10:38:13 read(5, "3", 1)          = 1
18745 10:38:13 read(5, "@", 1)          = 1
18745 10:38:13 read(5, "1", 1)          = 1
18745 10:38:13 read(5, "2", 1)          = 1
18745 10:38:13 read(5, "3", 1)          = 1
18745 10:38:13 read(5, "\n", 1)         = 1
18745 10:38:13 write(5, "\n", 1)        = 1
18745 10:38:13 ioctl(5, SNDCTL_TMR_CONTINUE or TCSETSF, {B38400 opost isig icanon echo ...}) = 0
18745 10:38:13 rt_sigaction(SIGALRM, {SIG_DFL, [], SA_RESTORER, 0x7f74b7c55510}, NULL, 8) = 0
18745 10:38:13 rt_sigaction(SIGHUP, {SIG_DFL, [], SA_RESTORER, 0x7f74b7c55510}, NULL, 8) = 0
18745 10:38:13 rt_sigaction(SIGINT, {SIG_DFL, [], SA_RESTORER, 0x7f74b7c55510}, NULL, 8) = 0
18745 10:38:13 rt_sigaction(SIGQUIT, {SIG_DFL, [], SA_RESTORER, 0x7f74b7c55510}, NULL, 8) = 0
18745 10:38:13 rt_sigaction(SIGPIPE, {SIG_IGN, [], SA_RESTORER, 0x7f74b7c55510}, NULL, 8) = 0
18745 10:38:13 rt_sigaction(SIGTERM, {SIG_DFL, [], SA_RESTORER, 0x7f74b7c55510}, NULL, 8) = 0
18745 10:38:13 rt_sigaction(SIGTSTP, {SIG_DFL, [], SA_RESTORER, 0x7f74b7c55510}, NULL, 8) = 0
18745 10:38:13 rt_sigaction(SIGTTIN, {SIG_DFL, [], SA_RESTORER, 0x7f74b7c55510}, NULL, 8) = 0
18745 10:38:13 close(5)                 = 0
18745 10:38:13 write(3, "\"\360\216qd\350\323\371/\300\244\236r\347\261n\262kk9^X\213\225\3247\302\222~:)\6"..., 144) = 144
18745 10:38:13 select(4, [3], NULL, NULL, NULL) = 1 (in [3])
18745 10:38:13 read(3, "!o\361\27\3474\334\346\221\261'M'\5\2771hL\346 \356M\360\214\261\304\302\226\177\230\312j", 8192) = 32
18745 10:38:13 dup(0)                   = 5
18745 10:38:13 dup(1)                   = 6
18745 10:38:13 dup(2)                   = 7
18745 10:38:13 ioctl(5, SNDCTL_TMR_TIMEBASE or TCGETS, {B38400 opost isig icanon echo ...}) = 0
18745 10:38:13 ioctl(6, SNDCTL_TMR_TIMEBASE or TCGETS, {B38400 opost isig icanon echo ...}) = 0
18745 10:38:13 ioctl(7, SNDCTL_TMR_TIMEBASE or TCGETS, {B38400 opost isig icanon echo ...}) = 0
18745 10:38:13 fcntl(5, F_SETFD, FD_CLOEXEC) = 0
18745 10:38:13 fcntl(6, F_SETFD, FD_CLOEXEC) = 0
18745 10:38:13 fcntl(7, F_SETFD, FD_CLOEXEC) = 0
18745 10:38:13 ioctl(6, SNDCTL_TMR_TIMEBASE or TCGETS, {B38400 opost isig icanon echo ...}) = 0
18745 10:38:13 rt_sigaction(SIGHUP, NULL, {SIG_DFL, [], SA_RESTORER, 0x7f74b7c55510}, 8) = 0
18745 10:38:13 rt_sigaction(SIGHUP, {SIG_IGN, [], SA_RESTORER, 0x7f74b7c55510}, NULL, 8) = 0
18745 10:38:13 rt_sigaction(SIGHUP, NULL, {SIG_IGN, [], SA_RESTORER, 0x7f74b7c55510}, 8) = 0
18745 10:38:13 rt_sigaction(SIGHUP, {0x7f74ba105fe0, [], SA_RESTORER, 0x7f74b7c55510}, NULL, 8) = 0
18745 10:38:13 rt_sigaction(SIGINT, NULL, {SIG_DFL, [], SA_RESTORER, 0x7f74b7c55510}, 8) = 0
18745 10:38:13 rt_sigaction(SIGINT, {SIG_IGN, [], SA_RESTORER, 0x7f74b7c55510}, NULL, 8) = 0
18745 10:38:13 rt_sigaction(SIGINT, NULL, {SIG_IGN, [], SA_RESTORER, 0x7f74b7c55510}, 8) = 0
18745 10:38:13 rt_sigaction(SIGINT, {0x7f74ba105fe0, [], SA_RESTORER, 0x7f74b7c55510}, NULL, 8) = 0
18745 10:38:13 rt_sigaction(SIGQUIT, NULL, {SIG_DFL, [], SA_RESTORER, 0x7f74b7c55510}, 8) = 0
18745 10:38:13 rt_sigaction(SIGQUIT, {SIG_IGN, [], SA_RESTORER, 0x7f74b7c55510}, NULL, 8) = 0
18745 10:38:13 rt_sigaction(SIGQUIT, NULL, {SIG_IGN, [], SA_RESTORER, 0x7f74b7c55510}, 8) = 0
18745 10:38:13 rt_sigaction(SIGQUIT, {0x7f74ba105fe0, [], SA_RESTORER, 0x7f74b7c55510}, NULL, 8) = 0
18745 10:38:13 rt_sigaction(SIGTERM, NULL, {SIG_DFL, [], SA_RESTORER, 0x7f74b7c55510}, 8) = 0
18745 10:38:13 rt_sigaction(SIGTERM, {SIG_IGN, [], SA_RESTORER, 0x7f74b7c55510}, NULL, 8) = 0
18745 10:38:13 rt_sigaction(SIGTERM, NULL, {SIG_IGN, [], SA_RESTORER, 0x7f74b7c55510}, 8) = 0
18745 10:38:13 rt_sigaction(SIGTERM, {0x7f74ba105fe0, [], SA_RESTORER, 0x7f74b7c55510}, NULL, 8) = 0
18745 10:38:13 rt_sigaction(SIGWINCH, NULL, {SIG_DFL, [], 0}, 8) = 0
18745 10:38:13 rt_sigaction(SIGWINCH, {0x7f74ba106680, [], SA_RESTORER, 0x7f74b7c55510}, NULL, 8) = 0
18745 10:38:13 ioctl(0, SNDCTL_TMR_TIMEBASE or TCGETS, {B38400 opost isig icanon echo ...}) = 0
18745 10:38:13 ioctl(0, SNDCTL_TMR_STOP or TCSETSW, {B38400 -opost -isig -icanon -echo ...}) = 0
18745 10:38:13 select(8, [3], [3], NULL, NULL) = 1 (out [3])
18745 10:38:13 write(3, "\265^\347\346dzS\310\343\22\217\210c\274\372NK\3319\213\\A-O\204*\323\t\3248\24\301"..., 128) = 128
18745 10:38:13 select(8, [3], [], NULL, NULL) = 1 (in [3])
18745 10:38:13 read(3, "\216a\360V_\31z\320\343\261\341\245\372\236\2618\313\374\30\6\203?bi\205\364`\336\32\204O*"..., 8192) = 48
18745 10:38:13 ioctl(0, TIOCGWINSZ, {ws_row=28, ws_col=147, ws_xpixel=0, ws_ypixel=0}) = 0
18745 10:38:13 getsockopt(3, SOL_TCP, TCP_NODELAY, [-6634956042541203456], [4]) = 0
18745 10:38:13 setsockopt(3, SOL_TCP, TCP_NODELAY, [1], 4) = 0
18745 10:38:13 getsockname(3, {sa_family=AF_INET, sin_port=htons(34031), sin_addr=inet_addr("10.0.2.57")}, [16]) = 0
18745 10:38:13 setsockopt(3, SOL_IP, IP_TOS, [16], 4) = 0
18745 10:38:13 select(8, [3], [3], NULL, NULL) = 1 (out [3])
18745 10:38:13 write(3, "\342\316\202\310\2551\6\332Q\260\267G\206d\246E\22P\30\253\376\213\321\v^z\243\211\r{^\256"..., 448) = 448
18745 10:38:13 select(8, [3], [], NULL, NULL) = 1 (in [3])
18745 10:38:13 read(3, "t\0\357C\204\261\36g\3233j\270M\310Y]*\320D\21\374\226\0C\327y\353\300\216\"\335\323"..., 8192) = 112
18745 10:38:13 select(8, [3 5], [], NULL, NULL) = 1 (in [3])
18745 10:38:13 read(3, ":\356_<\350\33(\236\2168\0e\304\336=\346\265E\0$>l\366[\327H\335\351\345\276O\225"..., 8192) = 96
18745 10:38:13 select(8, [3 5], [6], NULL, NULL) = 1 (out [6])
18745 10:38:13 write(6, "Last login: Wed Mar 14 10:32:39 "..., 56) = 56
18745 10:38:13 select(8, [3 5], [], NULL, NULL) = 1 (in [3])
18745 10:38:13 read(3, "\2039\20\264\323 Kf\273\16j\304\36\337\374\227O\274, \245\363\4\275\350\203v\245\314Qs\216"..., 8192) = 96
18745 10:38:13 select(8, [3 5], [6], NULL, NULL) = 1 (out [6])
18745 10:38:13 write(6, "\33]0;root@test-mysql:~\7\33[?1034h[r"..., 51) = 51
18745 10:38:13 select(8, [3 5], [], NULL, NULL) = 1 (in [5])
18745 10:38:15 read(5, "l", 16384)      = 1
18745 10:38:15 select(8, [3 5], [3], NULL, NULL) = 1 (out [3])
18745 10:38:15 write(3, "\202e\312\35\267\2142\225%N:V2\341x\21v\17\371)\254\267\246\272\261.\360\352s\200\267\246"..., 48) = 48
18745 10:38:15 select(8, [3 5], [], NULL, NULL) = 1 (in [3])
18745 10:38:15 read(3, "\336\264d\311\325\vV/\271!Zz\264\26\274!\177\217'\202W\346\243~\201\222\335\244\247_\263["..., 8192) = 48
18745 10:38:15 select(8, [3 5], [6], NULL, NULL) = 1 (out [6])
18745 10:38:15 write(6, "l", 1)         = 1
18745 10:38:15 select(8, [3 5], [], NULL, NULL) = 1 (in [5])
18745 10:38:15 read(5, "s", 16384)      = 1
18745 10:38:15 select(8, [3 5], [3], NULL, NULL) = 1 (out [3])
18745 10:38:15 write(3, "\303\270\315\303\216\365\317\244\26'8*\216\363\27\275\215d\344O\333Qn\257\341\227\237\300\263\254Ik"..., 48) = 48
18745 10:38:15 select(8, [3 5], [], NULL, NULL) = 1 (in [3])
18745 10:38:15 read(3, "\3_\36\273\17\2552U\377\"Q98\252y\0\263si'\304=\250\353\237\24:H0bv'"..., 8192) = 48
18745 10:38:15 select(8, [3 5], [6], NULL, NULL) = 1 (out [6])
18745 10:38:15 write(6, "s", 1)         = 1
18745 10:38:15 select(8, [3 5], [], NULL, NULL) = 1 (in [5])
18745 10:38:15 read(5, "\r", 16384)     = 1
18745 10:38:15 select(8, [3 5], [3], NULL, NULL) = 1 (out [3])
18745 10:38:15 write(3, "\236\266P7\364\234\243\210\370\226PD\265\\jx\250\231\240>\315\16\36\211\271\215\337\277\v\277f\352"..., 48) = 48
18745 10:38:15 select(8, [3 5], [], NULL, NULL) = 1 (in [3])
18745 10:38:15 read(3, "\363\251\320*\255\2357{{z\324\226\330\346\370\326\363\231\5\266\256f\211\332\336\302=l\275\310\217'"..., 8192) = 48
18745 10:38:15 select(8, [3 5], [6], NULL, NULL) = 1 (out [6])
18745 10:38:15 write(6, "\r\n", 2)      = 2
18745 10:38:15 select(8, [3 5], [], NULL, NULL) = 1 (in [3])
18745 10:38:15 read(3, "\371\214\200\346Gp4R\10\310\316\267k\2\201\244\27\211\325\323\210\24\3{%\251]\305\233p3\3"..., 8192) = 368
18745 10:38:15 select(8, [3 5], [6], NULL, NULL) = 1 (out [6])
18745 10:38:15 write(6, "anaconda-ks.cfg  core.2597  core"..., 320) = 320
18745 10:38:15 select(8, [3 5], [], NULL, NULL) = 1 (in [5])
18745 10:38:15 read(5, "d", 16384)      = 1
18745 10:38:15 select(8, [3 5], [3], NULL, NULL) = 1 (out [3])
18745 10:38:15 write(3, " \22\322\305\253z\7\356\6\317\303\274\273n=\3721\33@e\"<\345\361PW\5\24\352x\371\375"..., 48) = 48
18745 10:38:15 select(8, [3 5], [], NULL, NULL) = 1 (in [3])
18745 10:38:15 read(3, "p\270\220<\200\342\221\35\337\205E\n\376\fdB\7j1\311Vr\226\323\35\257\273\270<\310O\266"..., 8192) = 48
18745 10:38:15 select(8, [3 5], [6], NULL, NULL) = 1 (out [6])
18745 10:38:15 write(6, "d", 1)         = 1
18745 10:38:15 select(8, [3 5], [], NULL, NULL) = 1 (in [5])
18745 10:38:16 read(5, "i", 16384)      = 1
18745 10:38:16 select(8, [3 5], [3], NULL, NULL) = 1 (out [3])
18745 10:38:16 write(3, "\310\33\2N\"9\276\17\362\260\4\235\0166\311\376z4\6\f\334\27\351AXE\262\331\"\214\274\333"..., 48) = 48
18745 10:38:16 select(8, [3 5], [], NULL, NULL) = 1 (in [3])
18745 10:38:16 read(3, "x\2665%Jv\4,m\16\322\222^$\255\337x,*\v\1\310\337\205X\25\347\377\360\33618"..., 8192) = 48
18745 10:38:16 select(8, [3 5], [6], NULL, NULL) = 1 (out [6])
18745 10:38:16 write(6, "i", 1)         = 1
18745 10:38:16 select(8, [3 5], [], NULL, NULL) = 1 (in [5])
18745 10:38:16 read(5, "r", 16384)      = 1
18745 10:38:16 select(8, [3 5], [3], NULL, NULL) = 1 (out [3])
18745 10:38:16 write(3, "+\305\177/\210nY\263\241\373\245\226\17\305\2750\237!\32\243\212\343\0359\350_\3\337S4\246<"..., 48) = 48
18745 10:38:16 select(8, [3 5], [], NULL, NULL) = 1 (in [3])
18745 10:38:16 read(3, "\7\303'\2204^\244qr\312\204\263\21\321\217\333\357U\373\372\300sEfr\365m\233\326\236\214\302"..., 8192) = 48
18745 10:38:16 select(8, [3 5], [6], NULL, NULL) = 1 (out [6])
18745 10:38:16 write(6, "r", 1)         = 1
18745 10:38:16 select(8, [3 5], [], NULL, NULL) = 1 (in [5])
18745 10:38:16 read(5, "\r", 16384)     = 1
18745 10:38:16 select(8, [3 5], [3], NULL, NULL) = 1 (out [3])
18745 10:38:16 write(3, "3n\2634)r\206;\t\203N\21/\237\366\0U'\302G\371O\312\210\325e\2\210\200\353^R"..., 48) = 48
18745 10:38:16 select(8, [3 5], [], NULL, NULL) = 1 (in [3])
18745 10:38:16 read(3, "\373\247F\r\336\357\343s\317\320ls(\231\30\242\25\315\31\350\330)>\0277\200\375R\271\322\24\2"..., 8192) = 48
18745 10:38:16 select(8, [3 5], [6], NULL, NULL) = 1 (out [6])
18745 10:38:16 write(6, "\r\n", 2)      = 2
18745 10:38:16 select(8, [3 5], [], NULL, NULL) = 1 (in [3])
18745 10:38:16 read(3, "\2305\320F\267\246\231\f\217u\306!\253\335\233\251\270%\2522-\30111V:\266\261\307\212\t\304"..., 8192) = 208
18745 10:38:16 select(8, [3 5], [6], NULL, NULL) = 1 (out [6])
18745 10:38:16 write(6, "anaconda-ks.cfg  core.2597  core"..., 161) = 161
18745 10:38:16 select(8, [3 5], [], NULL, NULL) = 1 (in [3])
18745 10:38:16 read(3, "{\223v8eZ\314X\337\3760\r\341_\261\f\327\367\35[<O\316\217\346|)\263\277\316,\243"..., 8192) = 80
18745 10:38:16 select(8, [3 5], [6], NULL, NULL) = 1 (out [6])
18745 10:38:16 write(6, "\33]0;root@test-mysql:~\7[root@test"..., 43) = 43
18745 10:38:16 select(8, [3 5], [], NULL, NULL) = 1 (in [5])
18745 10:38:17 read(5, "l", 16384)      = 1
18745 10:38:17 select(8, [3 5], [3], NULL, NULL) = 1 (out [3])
18745 10:38:17 write(3, "\330F\325\251\\\353\6\34\17cB\213\226\315M\37\"\247S\vF\3u\251\373U\21\1\375\216sZ"..., 48) = 48
18745 10:38:17 select(8, [3 5], [], NULL, NULL) = 1 (in [3])
18745 10:38:17 read(3, "\323\260>c\1\225*\226\302\263\367\256\16#\246\2\311\354\364\334\330D\30\213\260\265\262\205\2\371h\307"..., 8192) = 48
18745 10:38:17 select(8, [3 5], [6], NULL, NULL) = 1 (out [6])
18745 10:38:17 write(6, "l", 1)         = 1
18745 10:38:17 select(8, [3 5], [], NULL, NULL) = 1 (in [5])
18745 10:38:17 read(5, "l", 16384)      = 1
18745 10:38:17 select(8, [3 5], [3], NULL, NULL) = 1 (out [3])
18745 10:38:17 write(3, "\253\323\204\235r \243\336\210\t\00220{c\317E\230>\37\214y\243@\214\0\343\222\344\315\220\371"..., 48) = 48
18745 10:38:17 select(8, [3 5], [], NULL, NULL) = 1 (in [3])
18745 10:38:17 read(3, "?\345[1\212y\235\224h\233.\255\277\343v!\307\367\210\356\37\325\36\343<\375z%\215\244\245+"..., 8192) = 48
18745 10:38:17 select(8, [3 5], [6], NULL, NULL) = 1 (out [6])
18745 10:38:17 write(6, "l", 1)         = 1
18745 10:38:17 select(8, [3 5], [], NULL, NULL) = 1 (in [5])
18745 10:38:19 read(5, " ", 16384)      = 1
18745 10:38:19 select(8, [3 5], [3], NULL, NULL) = 1 (out [3])
18745 10:38:19 write(3, "/\273\301\212B\2\323\370R\365\213>\32\272\2\260\304_s\260\275r\1\257\25.\223XQ\26\355\33"..., 48) = 48
18745 10:38:19 select(8, [3 5], [], NULL, NULL) = 1 (in [3])
18745 10:38:19 read(3, "\326\312A\376Q\206\301\366\202\23\31Y\367\263\374\201\274\313\7/~\304QF\245BC\200\17U\252\301"..., 8192) = 48
18745 10:38:19 select(8, [3 5], [6], NULL, NULL) = 1 (out [6])
18745 10:38:19 write(6, " ", 1)         = 1
18745 10:38:19 select(8, [3 5], [], NULL, NULL) = 1 (in [5])
18745 10:38:20 read(5, "\t", 16384)     = 1
18745 10:38:20 select(8, [3 5], [3], NULL, NULL) = 1 (out [3])
18745 10:38:20 write(3, "\253\242\"\276\\\261\231E\230\355P\376\0336\234\r\336\310\327\333\2479\\\321S\212\222S\356\31\24#"..., 48) = 48
18745 10:38:20 select(8, [3 5], [], NULL, NULL) = 1 (in [3])
18745 10:38:20 read(3, ". \252\301\221\325r\211X\213\344\5\306\7I\2616\253O1;\376\350\353-\252\262\365\317\357\300Z"..., 8192) = 48
18745 10:38:20 select(8, [3 5], [6], NULL, NULL) = 1 (out [6])
18745 10:38:20 write(6, "\7", 1)        = 1
18745 10:38:20 select(8, [3 5], [], NULL, NULL) = 1 (in [5])
18745 10:38:20 read(5, "\t", 16384)     = 1
18745 10:38:20 select(8, [3 5], [3], NULL, NULL) = 1 (out [3])
18745 10:38:20 write(3, "\25\335!q\335Vy\r \324\323\253s\207\25\5\316\17\0013\243,\344\324%\16\235%\315\356\365\37"..., 48) = 48
18745 10:38:20 select(8, [3 5], [], NULL, NULL) = 1 (in [3])
18745 10:38:20 read(3, "\366\5y\256\351-\r\223X\377\237:dZ\24\372\1x\24b\214G4\263I\215h\214\341\343\5\245"..., 8192) = 1088
18745 10:38:20 select(8, [3 5], [6], NULL, NULL) = 1 (out [6])
18745 10:38:20 write(6, "\r\nanaconda-ks.cfg      core.2623"..., 1041) = 1041
18745 10:38:20 select(8, [3 5], [], NULL, NULL) = 1 (in [5])
18745 10:38:27 read(5, ".", 16384)      = 1
18745 10:38:27 select(8, [3 5], [3], NULL, NULL) = 1 (out [3])
18745 10:38:27 write(3, "_\363\17l\367\201\337F?\227]\35f\301\21\351\314B\303D\377\305\274\204\266_\\\260\224\325u,"..., 48) = 48
18745 10:38:27 select(8, [3 5], [], NULL, NULL) = 1 (in [3])
18745 10:38:27 read(3, "\254\370!\254\322me\200\364(Y\25_\355\220@\220\257\2\240\344:G/\31\352\27]L@r\334"..., 8192) = 48
18745 10:38:27 select(8, [3 5], [6], NULL, NULL) = 1 (out [6])
18745 10:38:27 write(6, ".", 1)         = 1
18745 10:38:27 select(8, [3 5], [], NULL, NULL) = 1 (in [5])
18745 10:38:28 read(5, "a", 16384)      = 1
18745 10:38:28 select(8, [3 5], [3], NULL, NULL) = 1 (out [3])
18745 10:38:28 write(3, "\2\220\f\261\302\326\350\37\276\36\rV\316\225J\324\276\316\33\20\10\206\6\212\26\26\364RC1\rf"..., 48) = 48
18745 10:38:28 select(8, [3 5], [], NULL, NULL) = 1 (in [3])
18745 10:38:28 read(3, "#0^|\242\2\376\361x\342\310\314\271\245gj6\340\10~\2711~\355\332\n\351\2671\27\307\273"..., 8192) = 48
18745 10:38:28 select(8, [3 5], [6], NULL, NULL) = 1 (out [6])
18745 10:38:28 write(6, "a", 1)         = 1
18745 10:38:28 select(8, [3 5], [], NULL, NULL) = 1 (in [5])
18745 10:38:28 read(5, "n", 16384)      = 1
18745 10:38:28 select(8, [3 5], [3], NULL, NULL) = 1 (out [3])
18745 10:38:28 write(3, "\304\355\245I\367,\215,\313\3779\375\372\272\265*\240V\245\ng5\261\247\204\274I]\260\220\201\330"..., 48) = 48
18745 10:38:28 select(8, [3 5], [], NULL, NULL) = 1 (in [3])
18745 10:38:28 read(3, "\ri?\226\256\207g\330\220fR\26\251\333\23K\317\17=\351\205\327q\263\3617\360&-\320&\7"..., 8192) = 48
18745 10:38:28 select(8, [3 5], [6], NULL, NULL) = 1 (out [6])
18745 10:38:28 write(6, "n", 1)         = 1
18745 10:38:28 select(8, [3 5], [], NULL, NULL) = 1 (in [5])
18745 10:38:28 read(5, "s", 16384)      = 1
18745 10:38:28 select(8, [3 5], [3], NULL, NULL) = 1 (out [3])
18745 10:38:28 write(3, "\371\312\212R\353\274\200\250u\225\230f'\243\32\214Q\340J\233\221\240\254\"\317)TI\236\331\255+"..., 48) = 48
18745 10:38:28 select(8, [3 5], [], NULL, NULL) = 1 (in [3])
18745 10:38:28 read(3, "\240\22\t2d\200\326\343\260\3448\372\353\6\275\207\25\337z:\377\0375\10\240\306\366\225s\267\331\265"..., 8192) = 48
18745 10:38:28 select(8, [3 5], [6], NULL, NULL) = 1 (out [6])
18745 10:38:28 write(6, "s", 1)         = 1
18745 10:38:28 select(8, [3 5], [], NULL, NULL) = 1 (in [5])
18745 10:38:28 read(5, "i", 16384)      = 1
18745 10:38:28 select(8, [3 5], [3], NULL, NULL) = 1 (out [3])
18745 10:38:28 write(3, "B\266\317\305\212\325hl\342\342>\211`\363W\350\232d9>R\"\235\33\333\341Q\357V(\367\254"..., 48) = 48
18745 10:38:28 select(8, [3 5], [], NULL, NULL) = 1 (in [3])
18745 10:38:28 read(3, "G|\306\305\36i?\305\323\325\31/\247z#\345\344\3060\357^\371#\261l\274\352w@b\355l"..., 8192) = 48
18745 10:38:28 select(8, [3 5], [6], NULL, NULL) = 1 (out [6])
18745 10:38:28 write(6, "i", 1)         = 1
18745 10:38:28 select(8, [3 5], [], NULL, NULL) = 1 (in [5])
18745 10:38:29 read(5, "\t", 16384)     = 1
18745 10:38:29 select(8, [3 5], [3], NULL, NULL) = 1 (out [3])
18745 10:38:29 write(3, "\237\364\240R\231n\251r\244\243\36XF\234S\2165(WC {\1\200\373\270\37\345bP\231\3"..., 48) = 48
18745 10:38:29 select(8, [3 5], [], NULL, NULL) = 1 (in [3])
18745 10:38:29 read(3, "\376=\337Cs\340\363\317mu\25F.\2\235\241\206\360e\277\260)J\271;cy\230\275\247\371\213"..., 8192) = 48
18745 10:38:29 select(8, [3 5], [6], NULL, NULL) = 1 (out [6])
18745 10:38:29 write(6, "ble/", 4)      = 4
18745 10:38:29 select(8, [3 5], [], NULL, NULL) = 1 (in [5])
18745 10:38:31 read(5, "\t", 16384)     = 1
18745 10:38:31 select(8, [3 5], [3], NULL, NULL) = 1 (out [3])
18745 10:38:31 write(3, "\373\204(w\210z\37\370\206Fk\34\26\237\376\200\221\330\334\253$\201\277^%\36X\260y\226],"..., 48) = 48
18745 10:38:31 select(8, [3 5], [], NULL, NULL) = 1 (in [3])
18745 10:38:31 read(3, "\223j\352R\213\255;m\276\253jj:\241\354W\260\2523\313p\322d\216\214\277\340e9\242\351Z"..., 8192) = 48
18745 10:38:31 select(8, [3 5], [6], NULL, NULL) = 1 (out [6])
18745 10:38:31 write(6, "tmp/", 4)      = 4
18745 10:38:31 select(8, [3 5], [], NULL, NULL) = 1 (in [5])
18745 10:38:31 read(5, "\t", 16384)     = 1
18745 10:38:31 select(8, [3 5], [3], NULL, NULL) = 1 (out [3])
18745 10:38:31 write(3, "\v\232\322$\v\234\225\271\346\225\361{\254\212\374\314\2h\177\266\20\212\205\23\366\234Bt?\367\201J"..., 48) = 48
18745 10:38:31 select(8, [3 5], [], NULL, NULL) = 1 (in [3])
18745 10:38:31 read(3, "\205\327\333\32\360\21ez\2\310Z\356\276\251y\"\217q\306\341R\\\370\253\231U\373E\320\20\201\307"..., 8192) = 64
18745 10:38:31 select(8, [3 5], [6], NULL, NULL) = 1 (out [6])
18745 10:38:31 write(6, "ansible-local-21227vyls4h7s/", 28) = 28
18745 10:38:31 select(8, [3 5], [], NULL, NULL) = 1 (in [5])
18745 10:38:32 read(5, "\t", 16384)     = 1
18745 10:38:32 select(8, [3 5], [3], NULL, NULL) = 1 (out [3])
18745 10:38:32 write(3, "\224\24@5\270\207\27K\345_E\31\362\317\325\272\0\312\4s\231b\225\306\3077\307#b,(\7"..., 48) = 48
18745 10:38:32 select(8, [3 5], [], NULL, NULL) = 1 (in [3])
18745 10:38:32 read(3, "\326\246\224=\201gz\2160\315\344\330\376c>'\203(\6\231;\n\322(\301\35\325\367\270h2J"..., 8192) = 48
18745 10:38:32 select(8, [3 5], [6], NULL, NULL) = 1 (out [6])
18745 10:38:32 write(6, "\7", 1)        = 1
18745 10:38:32 select(8, [3 5], [], NULL, NULL) = 1 (in [5])
18745 10:38:34 read(5, "\r", 16384)     = 1
18745 10:38:34 select(8, [3 5], [3], NULL, NULL) = 1 (out [3])
18745 10:38:34 write(3, "\230\270\346\17\354\355\v@\276\300\311\314+\v\273\337\370=\345\357U}\2735\306\222\341o\273\332\261k"..., 48) = 48
18745 10:38:34 select(8, [3 5], [], NULL, NULL) = 1 (in [3])
18745 10:38:34 read(3, "-z\273\363\352\322\25\253\220\t5\266n{\235\330\274\207E\254O\254\276\331\356\256\321\345{\v\221\343"..., 8192) = 48
18745 10:38:34 select(8, [3 5], [6], NULL, NULL) = 1 (out [6])
18745 10:38:34 write(6, "\r\n", 2)      = 2
18745 10:38:34 select(8, [3 5], [], NULL, NULL) = 1 (in [3])
18745 10:38:34 read(3, "\351\345\233\321QPh\271\2555\260\311\361\303\345\312'\272\230\246\276p\21\347`\37\213]\355\261\354\34"..., 8192) = 48
18745 10:38:34 select(8, [3 5], [6], NULL, NULL) = 1 (out [6])
18745 10:38:34 write(6, "\346\200\273\347\224\250\351\207\217 0\r\n", 13) = 13
18745 10:38:34 select(8, [3 5], [], NULL, NULL) = 1 (in [3])
18745 10:38:34 read(3, "\211\32\325PB\216\220\n\272\372\265Io\272InL\27\355k%\225\326\257\4\320\217$\v\377\24\21"..., 8192) = 80
18745 10:38:34 select(8, [3 5], [6], NULL, NULL) = 1 (out [6])
18745 10:38:34 write(6, "\33]0;root@test-mysql:~\7[root@test"..., 43) = 43
18745 10:38:34 select(8, [3 5], [], NULL, NULL) = 1 (in [5])
18745 10:38:35 read(5, "t", 16384)      = 1
18745 10:38:35 select(8, [3 5], [3], NULL, NULL) = 1 (out [3])
18745 10:38:35 write(3, "\262\324\251\357\216\220\245\375\264\215w\204\212\n\4\"\375dMV\255C\5\24\345\272\240@OW\242{"..., 48) = 48
18745 10:38:35 select(8, [3 5], [], NULL, NULL) = 1 (in [3])
18745 10:38:35 read(3, "/\33\0023$\262=\r\225D%\301\361K\347\6O\317\225\223?\34\275e*b\237Y\3'\214\374"..., 8192) = 48
18745 10:38:35 select(8, [3 5], [6], NULL, NULL) = 1 (out [6])
18745 10:38:35 write(6, "t", 1)         = 1
18745 10:38:35 select(8, [3 5], [], NULL, NULL) = 1 (in [5])
18745 10:38:35 read(5, "o", 16384)      = 1
18745 10:38:35 select(8, [3 5], [3], NULL, NULL) = 1 (out [3])
18745 10:38:35 write(3, "1\n\302?\10\306Y_|e\3\225\222\260)|\210\f9\324R\242{\333\214P0\223[\223\201\351"..., 48) = 48
18745 10:38:35 select(8, [3 5], [], NULL, NULL) = 1 (in [3])
18745 10:38:35 read(3, "\33\355\20\361x\0261f\240\202N\22\304.\321\v\16\207\224N\17\177b Y#\262\335\213 \312\257"..., 8192) = 48
18745 10:38:35 select(8, [3 5], [6], NULL, NULL) = 1 (out [6])
18745 10:38:35 write(6, "o", 1)         = 1
18745 10:38:35 select(8, [3 5], [], NULL, NULL) = 1 (in [5])
18745 10:38:35 read(5, "p", 16384)      = 1
18745 10:38:35 select(8, [3 5], [3], NULL, NULL) = 1 (out [3])
18745 10:38:35 write(3, "d\342\337|\350s\27\232\v-\324\324\0\304\262\332\262\16U\323,w\313ZN\344t\317\321\353\27I"..., 48) = 48
18745 10:38:35 select(8, [3 5], [], NULL, NULL) = 1 (in [3])
18745 10:38:35 read(3, "`\356\203^\3326 \23\365Il\360\273\355!2\317\343U\25?\261\0\344Q\240s\222\0248'-"..., 8192) = 48
18745 10:38:35 select(8, [3 5], [6], NULL, NULL) = 1 (out [6])
18745 10:38:35 write(6, "p", 1)         = 1
18745 10:38:35 select(8, [3 5], [], NULL, NULL) = 1 (in [5])
18745 10:38:36 read(5, "\r", 16384)     = 1
18745 10:38:36 select(8, [3 5], [3], NULL, NULL) = 1 (out [3])
18745 10:38:36 write(3, "En\250\300\264e\30;\27a\332\22ogr\302\26\227\r\374<m>\355\206\263\t\6l'\220\314"..., 48) = 48
18745 10:38:36 select(8, [3 5], [], NULL, NULL) = 1 (in [3])
18745 10:38:36 read(3, "\0379\327\265G\267~\241NI\306\310J\5\t\25O\367\230i)\312_f\201\6\332B\350\217\363\366"..., 8192) = 48
18745 10:38:36 select(8, [3 5], [6], NULL, NULL) = 1 (out [6])
18745 10:38:36 write(6, "\r\n", 2)      = 2
18745 10:38:36 select(8, [3 5], [], NULL, NULL) = 1 (in [3])
18745 10:38:37 read(3, "Xo\212]N\376dyw,\337\243\347\233\225\215~\30Y[\20\313\16\326\273\270<\24\240\342RI"..., 8192) = 5008
18745 10:38:37 brk(0x7f74bb351000)      = 0x7f74bb351000
18745 10:38:37 select(8, [3 5], [6], NULL, NULL) = 1 (out [6])
18745 10:38:37 write(6, "\33[H\33[2J\33(B\33[mtop - 10:38:37 up 4"..., 4921) = 4921
18745 10:38:37 select(8, [3 5], [], NULL, NULL) = 1 (in [5])
18745 10:38:37 read(5, "q", 16384)      = 1
18745 10:38:37 select(8, [3 5], [3], NULL, NULL) = 1 (out [3])
18745 10:38:37 write(3, "\2279\21\211\10\207\276\345\224]*\333\257\324\10}-D$d\22\t\252F\257\374\230T\233\364\r\270"..., 48) = 48
18745 10:38:37 select(8, [3 5], [], NULL, NULL) = 1 (in [3])
18745 10:38:37 read(3, "\355\31\276b\255\302\222\323}\323\352M\26\314\307|\356\263\372\341\350S\361w\275\303\334j\322\201\270\271"..., 8192) = 80
18745 10:38:37 select(8, [3 5], [6], NULL, NULL) = 1 (out [6])
18745 10:38:37 write(6, "\33[29;1H\33[?12l\33[?25h\r\n\33]0;root@te"..., 43) = 43
18745 10:38:37 select(8, [3 5], [], NULL, NULL) = 1 (in [3])
18745 10:38:37 read(3, "\373\35\260[Q\2\303\33\336\370\264\345{hS\266\261Q\0030z\311@\212\330\6\3034g\241\357w"..., 8192) = 64
18745 10:38:37 select(8, [3 5], [6], NULL, NULL) = 1 (out [6])
18745 10:38:37 write(6, "[root@test-mysql ~]# ", 21) = 21
18745 10:38:37 select(8, [3 5], [], NULL, NULL) = 1 (in [5])
18745 10:38:42 read(5, "e", 16384)      = 1
18745 10:38:42 select(8, [3 5], [3], NULL, NULL) = 1 (out [3])
18745 10:38:42 write(3, "\24\357\263\217~\242n\7W\27\215Je\347\272 `\251\365\10\26C\251\270\337g\237|\363\223\32q"..., 48) = 48
18745 10:38:42 select(8, [3 5], [], NULL, NULL) = 1 (in [3])
18745 10:38:42 read(3, "&\221\r&D (\0328\204Q\320\35F\246\300!N\215\330U\207\337\264\362\277\v\300\270\233\371\32"..., 8192) = 48
18745 10:38:42 select(8, [3 5], [6], NULL, NULL) = 1 (out [6])
18745 10:38:42 write(6, "e", 1)         = 1
18745 10:38:42 select(8, [3 5], [], NULL, NULL) = 1 (in [5])
18745 10:38:42 read(5, "x", 16384)      = 1
18745 10:38:42 select(8, [3 5], [3], NULL, NULL) = 1 (out [3])
18745 10:38:42 write(3, "\3719:\324x%\307\247\302R\326+\273\321\365\226\365\r!\30\374u\02192*h\266!\240\nP"..., 48) = 48
18745 10:38:42 select(8, [3 5], [], NULL, NULL) = 1 (in [3])
18745 10:38:42 read(3, "\316\326\366\7\324a\332A]\333\373\245\345\376GfU+M\242\370 \311\4p\3253\2259[\333\37"..., 8192) = 48
18745 10:38:42 select(8, [3 5], [6], NULL, NULL) = 1 (out [6])
18745 10:38:42 write(6, "x", 1)         = 1
18745 10:38:42 select(8, [3 5], [], NULL, NULL) = 1 (in [5])
18745 10:38:42 read(5, "i", 16384)      = 1
18745 10:38:42 select(8, [3 5], [3], NULL, NULL) = 1 (out [3])
18745 10:38:42 write(3, "\340s\343\204*\3356Zr\37\3439O\26\6y\16\374.\260.\33\2545\16\2160m\304\177z\342"..., 48) = 48
18745 10:38:42 select(8, [3 5], [], NULL, NULL) = 1 (in [3])
18745 10:38:42 read(3, "\376\6\310\36\201\255Y\276w\244Yid\362oC\367\214\207\32\226n\2\261\271\225\367\322I\27\220\305"..., 8192) = 48
18745 10:38:42 select(8, [3 5], [6], NULL, NULL) = 1 (out [6])
18745 10:38:42 write(6, "i", 1)         = 1
18745 10:38:42 select(8, [3 5], [], NULL, NULL) = 1 (in [5])
18745 10:38:42 read(5, "t", 16384)      = 1
18745 10:38:42 select(8, [3 5], [3], NULL, NULL) = 1 (out [3])
18745 10:38:42 write(3, "\203\315_Ec\3156\302\372\6b\353\251\233\334\32x\\\210\274\374a\277\246YU\251\254G\345E\233"..., 48) = 48
18745 10:38:42 select(8, [3 5], [], NULL, NULL) = 1 (in [3])
18745 10:38:42 read(3, "\256A\225\235d\222Q%\277\232\354\237\27\230\177v\374e\25\16\251\36\320\37\216\3501\206E\205O\320"..., 8192) = 48
18745 10:38:42 select(8, [3 5], [6], NULL, NULL) = 1 (out [6])
18745 10:38:42 write(6, "t", 1)         = 1
18745 10:38:42 select(8, [3 5], [], NULL, NULL) = 1 (in [5])
18745 10:38:42 read(5, "\r", 16384)     = 1
18745 10:38:42 select(8, [3 5], [3], NULL, NULL) = 1 (out [3])
18745 10:38:42 write(3, "\235=\31\200l\265\317\3\202\220\242f\32\227\254\32\26\324W\v\202\366hG\212\374\v7\345\240\243\17"..., 48) = 48
18745 10:38:42 select(8, [3 5], [], NULL, NULL) = 1 (in [3])
18745 10:38:42 read(3, "\225\21\351\216\1\257\177\264\23\300\22!1\272\241\254#_7/U(Q\\\10\265\376\312\373\262\343\37"..., 8192) = 240
18745 10:38:42 close(5)                 = 0
18745 10:38:42 select(8, [3], [6], NULL, NULL) = 1 (out [6])
18745 10:38:42 write(6, "\r\nlogout\r\n", 10) = 10
18745 10:38:42 close(6)                 = 0
18745 10:38:42 ioctl(0, SNDCTL_TMR_STOP or TCSETSW, {B38400 opost isig icanon echo ...}) = 0
18745 10:38:42 close(7)                 = 0
18745 10:38:42 brk(0x7f74bb349000)      = 0x7f74bb349000
18745 10:38:42 select(8, [3], [3], NULL, NULL) = 1 (out [3])
18745 10:38:42 write(3, "\363\215O\235Y\231\4\253\203\n\226\263K\r\343\243ig\335`B\214$mN\301\350\232\223\302!0", 32) = 32
18745 10:38:42 rt_sigaction(SIGWINCH, NULL, {0x7f74ba106680, [], SA_RESTORER, 0x7f74b7c55510}, 8) = 0
18745 10:38:42 rt_sigaction(SIGWINCH, {SIG_DFL, [], SA_RESTORER, 0x7f74b7c55510}, NULL, 8) = 0
18745 10:38:42 write(3, "\fv\300\251s\376d\263(1\17\3106\273\214T\352\325y\340\332\317\213\220@f0\20\325\241\276\245"..., 64) = 64
18745 10:38:42 ioctl(0, SNDCTL_TMR_TIMEBASE or TCGETS, {B38400 opost isig icanon echo ...}) = 0
18745 10:38:42 ioctl(1, SNDCTL_TMR_TIMEBASE or TCGETS, {B38400 opost isig icanon echo ...}) = 0
18745 10:38:42 ioctl(2, SNDCTL_TMR_TIMEBASE or TCGETS, {B38400 opost isig icanon echo ...}) = 0
18745 10:38:42 write(2, "Connection to 10.0.2.57 closed.\r"..., 33) = 33
18745 10:38:42 brk(0x7f74bb333000)      = 0x7f74bb333000
18745 10:38:42 shutdown(3, 2 /* send and receive */) = 0
18745 10:38:42 close(3)                 = 0
18745 10:38:42 exit_group(0)            = ?
